{"/home/travis/build/npmtest/node-npmtest-knox/test.js":{"path":"/home/travis/build/npmtest/node-npmtest-knox/test.js","s":{"1":2,"2":2,"3":2,"4":2,"5":2,"6":2,"7":2,"8":1,"9":2,"10":2,"11":1,"12":1,"13":1,"14":1,"15":2,"16":2,"17":2,"18":2,"19":1,"20":1,"21":2,"22":2,"23":2,"24":1,"25":1,"26":1,"27":1,"28":1,"29":1,"30":1,"31":1,"32":1,"33":1,"34":1,"35":1,"36":1,"37":1,"38":1,"39":2,"40":2,"41":1,"42":2,"43":2,"44":1,"45":2,"46":2,"47":1,"48":2,"49":2,"50":1,"51":1,"52":1,"53":1,"54":1},"b":{"1":[2,1,1,1],"2":[1,1,1,1],"3":[1,1],"4":[1,1],"5":[1,1],"6":[1,1],"7":[1,1],"8":[1,1],"9":[1,1],"10":[1,1,1],"11":[1,1],"12":[1,1],"13":[1,1],"14":[1,1],"15":[1,1],"16":[1,1],"17":[1,1]},"f":{"1":2,"2":2,"3":2,"4":2,"5":2,"6":1,"7":1,"8":1,"9":2,"10":2,"11":2,"12":2,"13":1},"fnMap":{"1":{"name":"(anonymous_1)","line":12,"loc":{"start":{"line":12,"column":1},"end":{"line":12,"column":13}}},"2":{"name":"(anonymous_2)","line":19,"loc":{"start":{"line":19,"column":5},"end":{"line":19,"column":17}}},"3":{"name":"(anonymous_3)","line":23,"loc":{"start":{"line":23,"column":24},"end":{"line":23,"column":36}}},"4":{"name":"(anonymous_4)","line":61,"loc":{"start":{"line":61,"column":5},"end":{"line":61,"column":17}}},"5":{"name":"(anonymous_5)","line":82,"loc":{"start":{"line":82,"column":5},"end":{"line":82,"column":17}}},"6":{"name":"(anonymous_6)","line":91,"loc":{"start":{"line":91,"column":77},"end":{"line":94,"column":10}}},"7":{"name":"(anonymous_7)","line":112,"loc":{"start":{"line":112,"column":83},"end":{"line":115,"column":10}},"skip":true},"8":{"name":"(anonymous_8)","line":123,"loc":{"start":{"line":123,"column":77},"end":{"line":126,"column":10}},"skip":true},"9":{"name":"(anonymous_9)","line":139,"loc":{"start":{"line":139,"column":12},"end":{"line":139,"column":40}},"skip":true},"10":{"name":"(anonymous_10)","line":147,"loc":{"start":{"line":147,"column":77},"end":{"line":150,"column":10}},"skip":true},"11":{"name":"(anonymous_11)","line":158,"loc":{"start":{"line":158,"column":83},"end":{"line":161,"column":10}},"skip":true},"12":{"name":"(anonymous_12)","line":169,"loc":{"start":{"line":169,"column":79},"end":{"line":172,"column":10}},"skip":true},"13":{"name":"(anonymous_13)","line":180,"loc":{"start":{"line":180,"column":75},"end":{"line":183,"column":10}},"skip":true}},"statementMap":{"1":{"start":{"line":12,"column":0},"end":{"line":195,"column":5}},"2":{"start":{"line":14,"column":4},"end":{"line":14,"column":14}},"3":{"start":{"line":19,"column":4},"end":{"line":56,"column":9}},"4":{"start":{"line":21,"column":8},"end":{"line":21,"column":19}},"5":{"start":{"line":23,"column":8},"end":{"line":35,"column":13}},"6":{"start":{"line":24,"column":12},"end":{"line":34,"column":13}},"7":{"start":{"line":25,"column":16},"end":{"line":28,"column":30}},"8":{"start":{"line":30,"column":16},"end":{"line":33,"column":27}},"9":{"start":{"line":37,"column":8},"end":{"line":39,"column":21}},"10":{"start":{"line":40,"column":8},"end":{"line":53,"column":9}},"11":{"start":{"line":43,"column":12},"end":{"line":46,"column":14}},"12":{"start":{"line":47,"column":12},"end":{"line":47,"column":18}},"13":{"start":{"line":50,"column":12},"end":{"line":51,"column":33}},"14":{"start":{"line":52,"column":12},"end":{"line":52,"column":18}},"15":{"start":{"line":55,"column":8},"end":{"line":55,"column":35}},"16":{"start":{"line":61,"column":4},"end":{"line":63,"column":9}},"17":{"start":{"line":62,"column":8},"end":{"line":62,"column":15}},"18":{"start":{"line":64,"column":4},"end":{"line":77,"column":5}},"19":{"start":{"line":70,"column":8},"end":{"line":70,"column":14}},"20":{"start":{"line":76,"column":8},"end":{"line":76,"column":14}},"21":{"start":{"line":82,"column":4},"end":{"line":84,"column":9}},"22":{"start":{"line":83,"column":8},"end":{"line":83,"column":15}},"23":{"start":{"line":85,"column":4},"end":{"line":194,"column":5}},"24":{"start":{"line":91,"column":8},"end":{"line":99,"column":10}},"25":{"start":{"line":98,"column":12},"end":{"line":98,"column":35}},"26":{"start":{"line":102,"column":8},"end":{"line":104,"column":63}},"27":{"start":{"line":105,"column":8},"end":{"line":105,"column":14}},"28":{"start":{"line":112,"column":8},"end":{"line":121,"column":10},"skip":true},"29":{"start":{"line":119,"column":12},"end":{"line":119,"column":55},"skip":true},"30":{"start":{"line":120,"column":12},"end":{"line":120,"column":48},"skip":true},"31":{"start":{"line":123,"column":8},"end":{"line":136,"column":10},"skip":true},"32":{"start":{"line":130,"column":12},"end":{"line":130,"column":76},"skip":true},"33":{"start":{"line":131,"column":12},"end":{"line":131,"column":73},"skip":true},"34":{"start":{"line":132,"column":12},"end":{"line":132,"column":74},"skip":true},"35":{"start":{"line":133,"column":12},"end":{"line":133,"column":79},"skip":true},"36":{"start":{"line":134,"column":12},"end":{"line":134,"column":25},"skip":true},"37":{"start":{"line":135,"column":12},"end":{"line":135,"column":45},"skip":true},"38":{"start":{"line":138,"column":8},"end":{"line":145,"column":14},"skip":true},"39":{"start":{"line":143,"column":16},"end":{"line":143,"column":29},"skip":true},"40":{"start":{"line":144,"column":16},"end":{"line":144,"column":55},"skip":true},"41":{"start":{"line":147,"column":8},"end":{"line":156,"column":10},"skip":true},"42":{"start":{"line":154,"column":12},"end":{"line":154,"column":25},"skip":true},"43":{"start":{"line":155,"column":12},"end":{"line":155,"column":45},"skip":true},"44":{"start":{"line":158,"column":8},"end":{"line":167,"column":10},"skip":true},"45":{"start":{"line":165,"column":12},"end":{"line":165,"column":25},"skip":true},"46":{"start":{"line":166,"column":12},"end":{"line":166,"column":48},"skip":true},"47":{"start":{"line":169,"column":8},"end":{"line":178,"column":10},"skip":true},"48":{"start":{"line":176,"column":12},"end":{"line":176,"column":25},"skip":true},"49":{"start":{"line":177,"column":12},"end":{"line":177,"column":46},"skip":true},"50":{"start":{"line":180,"column":8},"end":{"line":189,"column":10},"skip":true},"51":{"start":{"line":187,"column":12},"end":{"line":187,"column":94},"skip":true},"52":{"start":{"line":188,"column":12},"end":{"line":188,"column":48},"skip":true},"53":{"start":{"line":192,"column":8},"end":{"line":192,"column":35},"skip":true},"54":{"start":{"line":193,"column":8},"end":{"line":193,"column":14},"skip":true}},"branchMap":{"1":{"line":25,"type":"binary-expr","locations":[{"start":{"line":25,"column":23},"end":{"line":25,"column":62}},{"start":{"line":26,"column":20},"end":{"line":26,"column":70}},{"start":{"line":27,"column":20},"end":{"line":27,"column":71}},{"start":{"line":28,"column":20},"end":{"line":28,"column":29}}]},"2":{"line":30,"type":"binary-expr","locations":[{"start":{"line":30,"column":23},"end":{"line":30,"column":37}},{"start":{"line":31,"column":20},"end":{"line":31,"column":61}},{"start":{"line":32,"column":20},"end":{"line":32,"column":70}},{"start":{"line":33,"column":20},"end":{"line":33,"column":26}}]},"3":{"line":37,"type":"cond-expr","locations":[{"start":{"line":38,"column":14},"end":{"line":38,"column":20}},{"start":{"line":39,"column":14},"end":{"line":39,"column":20}}]},"4":{"line":40,"type":"switch","locations":[{"start":{"line":42,"column":8},"end":{"line":47,"column":18}},{"start":{"line":49,"column":8},"end":{"line":52,"column":18}}]},"5":{"line":44,"type":"binary-expr","locations":[{"start":{"line":44,"column":16},"end":{"line":44,"column":44}},{"start":{"line":44,"column":48},"end":{"line":44,"column":66}}]},"6":{"line":50,"type":"binary-expr","locations":[{"start":{"line":50,"column":21},"end":{"line":50,"column":49}},{"start":{"line":50,"column":53},"end":{"line":50,"column":72}}]},"7":{"line":64,"type":"switch","locations":[{"start":{"line":69,"column":4},"end":{"line":70,"column":14}},{"start":{"line":75,"column":4},"end":{"line":76,"column":14}}]},"8":{"line":85,"type":"switch","locations":[{"start":{"line":90,"column":4},"end":{"line":105,"column":14}},{"start":{"line":111,"column":4},"end":{"line":193,"column":14},"skip":true}]},"9":{"line":91,"type":"binary-expr","locations":[{"start":{"line":91,"column":42},"end":{"line":91,"column":73}},{"start":{"line":91,"column":77},"end":{"line":99,"column":9}}]},"10":{"line":102,"type":"binary-expr","locations":[{"start":{"line":102,"column":18},"end":{"line":102,"column":32}},{"start":{"line":103,"column":12},"end":{"line":103,"column":53}},{"start":{"line":104,"column":12},"end":{"line":104,"column":61}}]},"11":{"line":112,"type":"binary-expr","locations":[{"start":{"line":112,"column":45},"end":{"line":112,"column":79},"skip":true},{"start":{"line":112,"column":83},"end":{"line":121,"column":9},"skip":true}]},"12":{"line":123,"type":"binary-expr","locations":[{"start":{"line":123,"column":42},"end":{"line":123,"column":73},"skip":true},{"start":{"line":123,"column":77},"end":{"line":136,"column":9},"skip":true}]},"13":{"line":138,"type":"binary-expr","locations":[{"start":{"line":138,"column":48},"end":{"line":138,"column":85},"skip":true},{"start":{"line":139,"column":12},"end":{"line":145,"column":13},"skip":true}]},"14":{"line":147,"type":"binary-expr","locations":[{"start":{"line":147,"column":42},"end":{"line":147,"column":73},"skip":true},{"start":{"line":147,"column":77},"end":{"line":156,"column":9},"skip":true}]},"15":{"line":158,"type":"binary-expr","locations":[{"start":{"line":158,"column":45},"end":{"line":158,"column":79},"skip":true},{"start":{"line":158,"column":83},"end":{"line":167,"column":9},"skip":true}]},"16":{"line":169,"type":"binary-expr","locations":[{"start":{"line":169,"column":43},"end":{"line":169,"column":75},"skip":true},{"start":{"line":169,"column":79},"end":{"line":178,"column":9},"skip":true}]},"17":{"line":180,"type":"binary-expr","locations":[{"start":{"line":180,"column":41},"end":{"line":180,"column":71},"skip":true},{"start":{"line":180,"column":75},"end":{"line":189,"column":9},"skip":true}]}},"code":["/* istanbul instrument in package npmtest_knox */","/*jslint","    bitwise: true,","    browser: true,","    maxerr: 8,","    maxlen: 96,","    node: true,","    nomen: true,","    regexp: true,","    stupid: true","*/","(function () {","    'use strict';","    var local;","","","","    // run shared js-env code - init-before","    (function () {","        // init local","        local = {};","        // init modeJs","        local.modeJs = (function () {","            try {","                return typeof navigator.userAgent === 'string' &&","                    typeof document.querySelector('body') === 'object' &&","                    typeof XMLHttpRequest.prototype.open === 'function' &&","                    'browser';","            } catch (errorCaughtBrowser) {","                return module.exports &&","                    typeof process.versions.node === 'string' &&","                    typeof require('http').createServer === 'function' &&","                    'node';","            }","        }());","        // init global","        local.global = local.modeJs === 'browser'","            ? window","            : global;","        switch (local.modeJs) {","        // re-init local from window.local","        case 'browser':","            local = local.global.utility2.objectSetDefault(","                local.global.utility2_rollup || local.global.local,","                local.global.utility2","            );","            break;","        // re-init local from example.js","        case 'node':","            local = (local.global.utility2_rollup || require('utility2'))","                .requireReadme();","            break;","        }","        // export local","        local.global.local = local;","    }());","","","","    // run shared js-env code - function","    (function () {","        return;","    }());","    switch (local.modeJs) {","","","","    // run browser js-env code - function","    case 'browser':","        break;","","","","    // run node js-env code - function","    case 'node':","        break;","    }","","","","    // run shared js-env code - init-after","    (function () {","        return;","    }());","    switch (local.modeJs) {","","","","    // run browser js-env code - init-after","    case 'browser':","        local.testCase_browser_nullCase = local.testCase_browser_nullCase || function (","            options,","            onError","        ) {","        /*","         * this function will test browsers's null-case handling-behavior-behavior","         */","            onError(null, options);","        };","","        // run tests","        local.nop(local.modeTest &&","            document.querySelector('#testRunButton1') &&","            document.querySelector('#testRunButton1').click());","        break;","","","","    // run node js-env code - init-after","    /* istanbul ignore next */","    case 'node':","        local.testCase_buildApidoc_default = local.testCase_buildApidoc_default || function (","            options,","            onError","        ) {","        /*","         * this function will test buildApidoc's default handling-behavior-behavior","         */","            options = { modulePathList: module.paths };","            local.buildApidoc(options, onError);","        };","","        local.testCase_buildApp_default = local.testCase_buildApp_default || function (","            options,","            onError","        ) {","        /*","         * this function will test buildApp's default handling-behavior-behavior","         */","            local.testCase_buildReadme_default(options, local.onErrorThrow);","            local.testCase_buildLib_default(options, local.onErrorThrow);","            local.testCase_buildTest_default(options, local.onErrorThrow);","            local.testCase_buildCustomOrg_default(options, local.onErrorThrow);","            options = [];","            local.buildApp(options, onError);","        };","","        local.testCase_buildCustomOrg_default = local.testCase_buildCustomOrg_default ||","            function (options, onError) {","            /*","             * this function will test buildCustomOrg's default handling-behavior","             */","                options = {};","                local.buildCustomOrg(options, onError);","            };","","        local.testCase_buildLib_default = local.testCase_buildLib_default || function (","            options,","            onError","        ) {","        /*","         * this function will test buildLib's default handling-behavior","         */","            options = {};","            local.buildLib(options, onError);","        };","","        local.testCase_buildReadme_default = local.testCase_buildReadme_default || function (","            options,","            onError","        ) {","        /*","         * this function will test buildReadme's default handling-behavior-behavior","         */","            options = {};","            local.buildReadme(options, onError);","        };","","        local.testCase_buildTest_default = local.testCase_buildTest_default || function (","            options,","            onError","        ) {","        /*","         * this function will test buildTest's default handling-behavior","         */","            options = {};","            local.buildTest(options, onError);","        };","","        local.testCase_webpage_default = local.testCase_webpage_default || function (","            options,","            onError","        ) {","        /*","         * this function will test webpage's default handling-behavior","         */","            options = { modeCoverageMerge: true, url: local.serverLocalHost + '?modeTest=1' };","            local.browserTest(options, onError);","        };","","        // run test-server","        local.testRunServer(local);","        break;","    }","}());",""],"l":{"12":2,"14":2,"19":2,"21":2,"23":2,"24":2,"25":2,"30":1,"37":2,"40":2,"43":1,"47":1,"50":1,"52":1,"55":2,"61":2,"62":2,"64":2,"70":1,"76":1,"82":2,"83":2,"85":2,"91":1,"98":1,"102":1,"105":1,"112":1,"119":1,"120":1,"123":1,"130":1,"131":1,"132":1,"133":1,"134":1,"135":1,"138":1,"143":2,"144":2,"147":1,"154":2,"155":2,"158":1,"165":2,"166":2,"169":1,"176":2,"177":2,"180":1,"187":1,"188":1,"192":1,"193":1}},"/home/travis/build/npmtest/node-npmtest-knox/lib.npmtest_knox.js":{"path":"/home/travis/build/npmtest/node-npmtest-knox/lib.npmtest_knox.js","s":{"1":2,"2":2,"3":2,"4":2,"5":2,"6":2,"7":2,"8":1,"9":2,"10":2,"11":2,"12":2,"13":1,"14":1,"15":1,"16":1},"b":{"1":[2,1,1,1],"2":[1,1,1,1],"3":[1,1],"4":[2,2],"5":[1,1]},"f":{"1":2,"2":2,"3":2},"fnMap":{"1":{"name":"(anonymous_1)","line":12,"loc":{"start":{"line":12,"column":1},"end":{"line":12,"column":13}}},"2":{"name":"(anonymous_2)","line":19,"loc":{"start":{"line":19,"column":5},"end":{"line":19,"column":17}}},"3":{"name":"(anonymous_3)","line":23,"loc":{"start":{"line":23,"column":24},"end":{"line":23,"column":36}}}},"statementMap":{"1":{"start":{"line":12,"column":0},"end":{"line":53,"column":5}},"2":{"start":{"line":14,"column":4},"end":{"line":14,"column":14}},"3":{"start":{"line":19,"column":4},"end":{"line":52,"column":9}},"4":{"start":{"line":21,"column":8},"end":{"line":21,"column":19}},"5":{"start":{"line":23,"column":8},"end":{"line":35,"column":13}},"6":{"start":{"line":24,"column":12},"end":{"line":34,"column":13}},"7":{"start":{"line":25,"column":16},"end":{"line":28,"column":30}},"8":{"start":{"line":30,"column":16},"end":{"line":33,"column":27}},"9":{"start":{"line":37,"column":8},"end":{"line":39,"column":21}},"10":{"start":{"line":41,"column":8},"end":{"line":41,"column":54}},"11":{"start":{"line":43,"column":8},"end":{"line":43,"column":49}},"12":{"start":{"line":45,"column":8},"end":{"line":51,"column":9}},"13":{"start":{"line":46,"column":12},"end":{"line":46,"column":55}},"14":{"start":{"line":48,"column":12},"end":{"line":48,"column":35}},"15":{"start":{"line":49,"column":12},"end":{"line":49,"column":49}},"16":{"start":{"line":50,"column":12},"end":{"line":50,"column":43}}},"branchMap":{"1":{"line":25,"type":"binary-expr","locations":[{"start":{"line":25,"column":23},"end":{"line":25,"column":62}},{"start":{"line":26,"column":20},"end":{"line":26,"column":70}},{"start":{"line":27,"column":20},"end":{"line":27,"column":71}},{"start":{"line":28,"column":20},"end":{"line":28,"column":29}}]},"2":{"line":30,"type":"binary-expr","locations":[{"start":{"line":30,"column":23},"end":{"line":30,"column":37}},{"start":{"line":31,"column":20},"end":{"line":31,"column":61}},{"start":{"line":32,"column":20},"end":{"line":32,"column":70}},{"start":{"line":33,"column":20},"end":{"line":33,"column":26}}]},"3":{"line":37,"type":"cond-expr","locations":[{"start":{"line":38,"column":14},"end":{"line":38,"column":20}},{"start":{"line":39,"column":14},"end":{"line":39,"column":20}}]},"4":{"line":41,"type":"binary-expr","locations":[{"start":{"line":41,"column":16},"end":{"line":41,"column":44}},{"start":{"line":41,"column":48},"end":{"line":41,"column":53}}]},"5":{"line":45,"type":"if","locations":[{"start":{"line":45,"column":8},"end":{"line":45,"column":8}},{"start":{"line":45,"column":8},"end":{"line":45,"column":8}}]}},"code":["/* istanbul instrument in package npmtest_knox */","/*jslint","    bitwise: true,","    browser: true,","    maxerr: 8,","    maxlen: 96,","    node: true,","    nomen: true,","    regexp: true,","    stupid: true","*/","(function () {","    'use strict';","    var local;","","","","    // run shared js-env code - init-before","    (function () {","        // init local","        local = {};","        // init modeJs","        local.modeJs = (function () {","            try {","                return typeof navigator.userAgent === 'string' &&","                    typeof document.querySelector('body') === 'object' &&","                    typeof XMLHttpRequest.prototype.open === 'function' &&","                    'browser';","            } catch (errorCaughtBrowser) {","                return module.exports &&","                    typeof process.versions.node === 'string' &&","                    typeof require('http').createServer === 'function' &&","                    'node';","            }","        }());","        // init global","        local.global = local.modeJs === 'browser'","            ? window","            : global;","        // init utility2_rollup","        local = local.global.utility2_rollup || local;","        // init lib","        local.local = local.npmtest_knox = local;","        // init exports","        if (local.modeJs === 'browser') {","            local.global.utility2_npmtest_knox = local;","        } else {","            module.exports = local;","            module.exports.__dirname = __dirname;","            module.exports.module = module;","        }","    }());","}());",""],"l":{"12":2,"14":2,"19":2,"21":2,"23":2,"24":2,"25":2,"30":1,"37":2,"41":2,"43":2,"45":2,"46":1,"48":1,"49":1,"50":1}},"/home/travis/build/npmtest/node-npmtest-knox/example.js":{"path":"/home/travis/build/npmtest/node-npmtest-knox/example.js","s":{"1":2,"2":2,"3":2,"4":2,"5":2,"6":2,"7":2,"8":1,"9":2,"10":2,"11":2,"12":2,"13":1,"14":2,"15":2,"16":2,"17":2,"18":2,"19":0,"20":2,"21":1,"22":1,"23":1,"24":1,"25":1,"26":0,"27":0,"28":1,"29":1,"30":2,"31":0,"32":0,"33":0,"34":1,"35":2,"36":2,"37":3,"38":3,"39":3,"40":3,"41":0,"42":3,"43":3,"44":3,"45":1,"46":3,"47":1,"48":1,"49":1,"50":1,"51":1,"52":1,"53":1,"54":1,"55":1,"56":1,"57":0,"58":1,"59":6,"60":6,"61":1,"62":2,"63":0,"64":2,"65":1,"66":1,"67":0,"68":0,"69":0,"70":0,"71":0,"72":0,"73":0,"74":0,"75":0,"76":0,"77":0,"78":0,"79":0,"80":0,"81":0,"82":0,"83":0},"b":{"1":[2,1,1,1],"2":[1,1,1,1],"3":[1,1],"4":[2,2],"5":[1,1],"6":[1,1],"7":[2,0],"8":[2,1,1,1,1,1],"9":[0,2,0],"10":[1,1],"11":[2,1,1],"12":[1,0],"13":[0,2],"14":[2,0,0,0,0,0,0],"15":[0,3],"16":[3,0],"17":[1,1],"18":[0,1],"19":[1,2,0,2],"20":[1,0],"21":[1,1],"22":[0,0],"23":[0,0],"24":[0,0],"25":[0,0],"26":[0,0],"27":[0,0],"28":[0,0]},"f":{"1":2,"2":2,"3":2,"4":2,"5":2,"6":2,"7":3,"8":3,"9":3,"10":1,"11":6,"12":0},"fnMap":{"1":{"name":"(anonymous_1)","line":26,"loc":{"start":{"line":26,"column":1},"end":{"line":26,"column":13}}},"2":{"name":"(anonymous_2)","line":33,"loc":{"start":{"line":33,"column":5},"end":{"line":33,"column":17}}},"3":{"name":"(anonymous_3)","line":37,"loc":{"start":{"line":37,"column":24},"end":{"line":37,"column":36}}},"4":{"name":"(anonymous_4)","line":69,"loc":{"start":{"line":69,"column":31},"end":{"line":69,"column":48}},"skip":true},"5":{"name":"(anonymous_5)","line":78,"loc":{"start":{"line":78,"column":26},"end":{"line":78,"column":45}},"skip":true},"6":{"name":"(anonymous_6)","line":123,"loc":{"start":{"line":123,"column":33},"end":{"line":123,"column":48}},"skip":true},"7":{"name":"(anonymous_7)","line":125,"loc":{"start":{"line":125,"column":27},"end":{"line":125,"column":39}},"skip":true},"8":{"name":"(anonymous_8)","line":133,"loc":{"start":{"line":133,"column":59},"end":{"line":133,"column":74}},"skip":true},"9":{"name":"(anonymous_9)","line":143,"loc":{"start":{"line":143,"column":45},"end":{"line":143,"column":62}},"skip":true},"10":{"name":"(anonymous_10)","line":144,"loc":{"start":{"line":144,"column":73},"end":{"line":144,"column":92}},"skip":true},"11":{"name":"(anonymous_11)","line":272,"loc":{"start":{"line":272,"column":51},"end":{"line":272,"column":77}},"skip":true},"12":{"name":"(anonymous_12)","line":315,"loc":{"start":{"line":315,"column":32},"end":{"line":315,"column":61}},"skip":true}},"statementMap":{"1":{"start":{"line":26,"column":0},"end":{"line":326,"column":5}},"2":{"start":{"line":28,"column":4},"end":{"line":28,"column":14}},"3":{"start":{"line":33,"column":4},"end":{"line":60,"column":9}},"4":{"start":{"line":35,"column":8},"end":{"line":35,"column":19}},"5":{"start":{"line":37,"column":8},"end":{"line":49,"column":13}},"6":{"start":{"line":38,"column":12},"end":{"line":48,"column":13}},"7":{"start":{"line":39,"column":16},"end":{"line":42,"column":30}},"8":{"start":{"line":44,"column":16},"end":{"line":47,"column":27}},"9":{"start":{"line":51,"column":8},"end":{"line":53,"column":21}},"10":{"start":{"line":55,"column":8},"end":{"line":57,"column":45}},"11":{"start":{"line":59,"column":8},"end":{"line":59,"column":35}},"12":{"start":{"line":61,"column":4},"end":{"line":325,"column":5}},"13":{"start":{"line":69,"column":8},"end":{"line":121,"column":10},"skip":true},"14":{"start":{"line":70,"column":12},"end":{"line":88,"column":13},"skip":true},"15":{"start":{"line":76,"column":16},"end":{"line":87,"column":19},"skip":true},"16":{"start":{"line":79,"column":20},"end":{"line":86,"column":21},"skip":true},"17":{"start":{"line":82,"column":24},"end":{"line":82,"column":43},"skip":true},"18":{"start":{"line":83,"column":24},"end":{"line":83,"column":30},"skip":true},"19":{"start":{"line":85,"column":24},"end":{"line":85,"column":49},"skip":true},"20":{"start":{"line":89,"column":12},"end":{"line":107,"column":13},"skip":true},"21":{"start":{"line":92,"column":16},"end":{"line":102,"column":17},"skip":true},"22":{"start":{"line":93,"column":20},"end":{"line":93,"column":86},"skip":true},"23":{"start":{"line":94,"column":20},"end":{"line":95,"column":45},"skip":true},"24":{"start":{"line":96,"column":20},"end":{"line":96,"column":42},"skip":true},"25":{"start":{"line":97,"column":20},"end":{"line":97,"column":48},"skip":true},"26":{"start":{"line":100,"column":20},"end":{"line":100,"column":85},"skip":true},"27":{"start":{"line":101,"column":20},"end":{"line":101,"column":96},"skip":true},"28":{"start":{"line":103,"column":16},"end":{"line":103,"column":22},"skip":true},"29":{"start":{"line":106,"column":16},"end":{"line":106,"column":22},"skip":true},"30":{"start":{"line":108,"column":12},"end":{"line":120,"column":13},"skip":true},"31":{"start":{"line":114,"column":16},"end":{"line":119,"column":17},"skip":true},"32":{"start":{"line":116,"column":20},"end":{"line":116,"column":78},"skip":true},"33":{"start":{"line":118,"column":20},"end":{"line":118,"column":47},"skip":true},"34":{"start":{"line":123,"column":8},"end":{"line":141,"column":11},"skip":true},"35":{"start":{"line":124,"column":12},"end":{"line":124,"column":54},"skip":true},"36":{"start":{"line":125,"column":12},"end":{"line":140,"column":14},"skip":true},"37":{"start":{"line":126,"column":16},"end":{"line":126,"column":28},"skip":true},"38":{"start":{"line":127,"column":16},"end":{"line":127,"column":69},"skip":true},"39":{"start":{"line":128,"column":16},"end":{"line":128,"column":75},"skip":true},"40":{"start":{"line":129,"column":16},"end":{"line":131,"column":17},"skip":true},"41":{"start":{"line":130,"column":20},"end":{"line":130,"column":27},"skip":true},"42":{"start":{"line":133,"column":16},"end":{"line":137,"column":36},"skip":true},"43":{"start":{"line":134,"column":20},"end":{"line":136,"column":55},"skip":true},"44":{"start":{"line":139,"column":16},"end":{"line":139,"column":57},"skip":true},"45":{"start":{"line":143,"column":8},"end":{"line":147,"column":11},"skip":true},"46":{"start":{"line":144,"column":12},"end":{"line":146,"column":15},"skip":true},"47":{"start":{"line":145,"column":16},"end":{"line":145,"column":70},"skip":true},"48":{"start":{"line":149,"column":8},"end":{"line":149,"column":31},"skip":true},"49":{"start":{"line":150,"column":8},"end":{"line":150,"column":14},"skip":true},"50":{"start":{"line":158,"column":8},"end":{"line":158,"column":31},"skip":true},"51":{"start":{"line":160,"column":8},"end":{"line":160,"column":33},"skip":true},"52":{"start":{"line":161,"column":8},"end":{"line":161,"column":37},"skip":true},"53":{"start":{"line":162,"column":8},"end":{"line":162,"column":35},"skip":true},"54":{"start":{"line":164,"column":8},"end":{"line":164,"column":50},"skip":true},"55":{"start":{"line":166,"column":8},"end":{"line":256,"column":2},"skip":true},"56":{"start":{"line":258,"column":8},"end":{"line":286,"column":9},"skip":true},"57":{"start":{"line":259,"column":12},"end":{"line":269,"column":14},"skip":true},"58":{"start":{"line":271,"column":12},"end":{"line":285,"column":19},"skip":true},"59":{"start":{"line":274,"column":20},"end":{"line":274,"column":35},"skip":true},"60":{"start":{"line":275,"column":20},"end":{"line":284,"column":21},"skip":true},"61":{"start":{"line":277,"column":24},"end":{"line":277,"column":64},"skip":true},"62":{"start":{"line":279,"column":24},"end":{"line":279,"column":40},"skip":true},"63":{"start":{"line":281,"column":24},"end":{"line":281,"column":40},"skip":true},"64":{"start":{"line":283,"column":24},"end":{"line":283,"column":39},"skip":true},"65":{"start":{"line":288,"column":8},"end":{"line":290,"column":9},"skip":true},"66":{"start":{"line":289,"column":12},"end":{"line":289,"column":18},"skip":true},"67":{"start":{"line":291,"column":8},"end":{"line":293,"column":54},"skip":true},"68":{"start":{"line":296,"column":8},"end":{"line":301,"column":37},"skip":true},"69":{"start":{"line":303,"column":8},"end":{"line":303,"column":82},"skip":true},"70":{"start":{"line":306,"column":8},"end":{"line":308,"column":9},"skip":true},"71":{"start":{"line":307,"column":12},"end":{"line":307,"column":82},"skip":true},"72":{"start":{"line":310,"column":8},"end":{"line":312,"column":9},"skip":true},"73":{"start":{"line":311,"column":12},"end":{"line":311,"column":18},"skip":true},"74":{"start":{"line":313,"column":8},"end":{"line":313,"column":54},"skip":true},"75":{"start":{"line":314,"column":8},"end":{"line":314,"column":69},"skip":true},"76":{"start":{"line":315,"column":8},"end":{"line":323,"column":36},"skip":true},"77":{"start":{"line":316,"column":12},"end":{"line":316,"column":61},"skip":true},"78":{"start":{"line":317,"column":12},"end":{"line":320,"column":13},"skip":true},"79":{"start":{"line":318,"column":16},"end":{"line":318,"column":75},"skip":true},"80":{"start":{"line":319,"column":16},"end":{"line":319,"column":23},"skip":true},"81":{"start":{"line":321,"column":12},"end":{"line":321,"column":38},"skip":true},"82":{"start":{"line":322,"column":12},"end":{"line":322,"column":27},"skip":true},"83":{"start":{"line":324,"column":8},"end":{"line":324,"column":14},"skip":true}},"branchMap":{"1":{"line":39,"type":"binary-expr","locations":[{"start":{"line":39,"column":23},"end":{"line":39,"column":62}},{"start":{"line":40,"column":20},"end":{"line":40,"column":70}},{"start":{"line":41,"column":20},"end":{"line":41,"column":71}},{"start":{"line":42,"column":20},"end":{"line":42,"column":29}}]},"2":{"line":44,"type":"binary-expr","locations":[{"start":{"line":44,"column":23},"end":{"line":44,"column":37}},{"start":{"line":45,"column":20},"end":{"line":45,"column":61}},{"start":{"line":46,"column":20},"end":{"line":46,"column":70}},{"start":{"line":47,"column":20},"end":{"line":47,"column":26}}]},"3":{"line":51,"type":"cond-expr","locations":[{"start":{"line":52,"column":14},"end":{"line":52,"column":20}},{"start":{"line":53,"column":14},"end":{"line":53,"column":20}}]},"4":{"line":55,"type":"binary-expr","locations":[{"start":{"line":55,"column":16},"end":{"line":55,"column":44}},{"start":{"line":55,"column":49},"end":{"line":57,"column":43}}]},"5":{"line":55,"type":"cond-expr","locations":[{"start":{"line":56,"column":14},"end":{"line":56,"column":48}},{"start":{"line":57,"column":14},"end":{"line":57,"column":43}}]},"6":{"line":61,"type":"switch","locations":[{"start":{"line":68,"column":4},"end":{"line":150,"column":14},"skip":true},{"start":{"line":156,"column":4},"end":{"line":324,"column":14},"skip":true}]},"7":{"line":70,"type":"if","locations":[{"start":{"line":70,"column":12},"end":{"line":70,"column":12},"skip":true},{"start":{"line":70,"column":12},"end":{"line":70,"column":12},"skip":true}]},"8":{"line":70,"type":"binary-expr","locations":[{"start":{"line":70,"column":16},"end":{"line":70,"column":22},"skip":true},{"start":{"line":70,"column":27},"end":{"line":70,"column":32},"skip":true},{"start":{"line":71,"column":20},"end":{"line":71,"column":39},"skip":true},{"start":{"line":72,"column":20},"end":{"line":72,"column":49},"skip":true},{"start":{"line":73,"column":20},"end":{"line":73,"column":58},"skip":true},{"start":{"line":74,"column":20},"end":{"line":74,"column":69},"skip":true}]},"9":{"line":79,"type":"switch","locations":[{"start":{"line":80,"column":20},"end":{"line":80,"column":33},"skip":true},{"start":{"line":81,"column":20},"end":{"line":83,"column":30},"skip":true},{"start":{"line":84,"column":20},"end":{"line":85,"column":49},"skip":true}]},"10":{"line":89,"type":"switch","locations":[{"start":{"line":90,"column":12},"end":{"line":103,"column":22},"skip":true},{"start":{"line":105,"column":12},"end":{"line":106,"column":22},"skip":true}]},"11":{"line":89,"type":"binary-expr","locations":[{"start":{"line":89,"column":20},"end":{"line":89,"column":25},"skip":true},{"start":{"line":89,"column":29},"end":{"line":89,"column":48},"skip":true},{"start":{"line":89,"column":52},"end":{"line":89,"column":74},"skip":true}]},"12":{"line":92,"type":"if","locations":[{"start":{"line":92,"column":16},"end":{"line":92,"column":16},"skip":true},{"start":{"line":92,"column":16},"end":{"line":92,"column":16},"skip":true}]},"13":{"line":108,"type":"if","locations":[{"start":{"line":108,"column":12},"end":{"line":108,"column":12},"skip":true},{"start":{"line":108,"column":12},"end":{"line":108,"column":12},"skip":true}]},"14":{"line":108,"type":"binary-expr","locations":[{"start":{"line":108,"column":16},"end":{"line":108,"column":61},"skip":true},{"start":{"line":108,"column":66},"end":{"line":108,"column":72},"skip":true},{"start":{"line":108,"column":77},"end":{"line":108,"column":82},"skip":true},{"start":{"line":109,"column":20},"end":{"line":109,"column":39},"skip":true},{"start":{"line":110,"column":20},"end":{"line":110,"column":49},"skip":true},{"start":{"line":111,"column":20},"end":{"line":111,"column":58},"skip":true},{"start":{"line":112,"column":20},"end":{"line":112,"column":68},"skip":true}]},"15":{"line":129,"type":"if","locations":[{"start":{"line":129,"column":16},"end":{"line":129,"column":16},"skip":true},{"start":{"line":129,"column":16},"end":{"line":129,"column":16},"skip":true}]},"16":{"line":134,"type":"cond-expr","locations":[{"start":{"line":135,"column":26},"end":{"line":135,"column":29},"skip":true},{"start":{"line":136,"column":26},"end":{"line":136,"column":54},"skip":true}]},"17":{"line":164,"type":"binary-expr","locations":[{"start":{"line":164,"column":27},"end":{"line":164,"column":43},"skip":true},{"start":{"line":164,"column":47},"end":{"line":164,"column":49},"skip":true}]},"18":{"line":258,"type":"if","locations":[{"start":{"line":258,"column":8},"end":{"line":258,"column":8},"skip":true},{"start":{"line":258,"column":8},"end":{"line":258,"column":8},"skip":true}]},"19":{"line":275,"type":"switch","locations":[{"start":{"line":276,"column":20},"end":{"line":277,"column":64},"skip":true},{"start":{"line":278,"column":20},"end":{"line":279,"column":40},"skip":true},{"start":{"line":280,"column":20},"end":{"line":281,"column":40},"skip":true},{"start":{"line":282,"column":20},"end":{"line":283,"column":39},"skip":true}]},"20":{"line":288,"type":"if","locations":[{"start":{"line":288,"column":8},"end":{"line":288,"column":8},"skip":true},{"start":{"line":288,"column":8},"end":{"line":288,"column":8},"skip":true}]},"21":{"line":288,"type":"binary-expr","locations":[{"start":{"line":288,"column":12},"end":{"line":288,"column":40},"skip":true},{"start":{"line":288,"column":44},"end":{"line":288,"column":67},"skip":true}]},"22":{"line":292,"type":"binary-expr","locations":[{"start":{"line":292,"column":12},"end":{"line":292,"column":50},"skip":true},{"start":{"line":293,"column":12},"end":{"line":293,"column":53},"skip":true}]},"23":{"line":297,"type":"binary-expr","locations":[{"start":{"line":297,"column":12},"end":{"line":297,"column":62},"skip":true},{"start":{"line":298,"column":12},"end":{"line":301,"column":36},"skip":true}]},"24":{"line":303,"type":"binary-expr","locations":[{"start":{"line":303,"column":43},"end":{"line":303,"column":75},"skip":true},{"start":{"line":303,"column":79},"end":{"line":303,"column":81},"skip":true}]},"25":{"line":306,"type":"if","locations":[{"start":{"line":306,"column":8},"end":{"line":306,"column":8},"skip":true},{"start":{"line":306,"column":8},"end":{"line":306,"column":8},"skip":true}]},"26":{"line":310,"type":"if","locations":[{"start":{"line":310,"column":8},"end":{"line":310,"column":8},"skip":true},{"start":{"line":310,"column":8},"end":{"line":310,"column":8},"skip":true}]},"27":{"line":313,"type":"binary-expr","locations":[{"start":{"line":313,"column":27},"end":{"line":313,"column":43},"skip":true},{"start":{"line":313,"column":47},"end":{"line":313,"column":53},"skip":true}]},"28":{"line":317,"type":"if","locations":[{"start":{"line":317,"column":12},"end":{"line":317,"column":12},"skip":true},{"start":{"line":317,"column":12},"end":{"line":317,"column":12},"skip":true}]}},"code":["/*","example.js","","quickstart example","","instruction","    1. save this script as example.js","    2. run the shell command:","        $ npm install npmtest-knox && PORT=8081 node example.js","    3. play with the browser-demo on http://127.0.0.1:8081","*/","","","","/* istanbul instrument in package npmtest_knox */","/*jslint","    bitwise: true,","    browser: true,","    maxerr: 8,","    maxlen: 96,","    node: true,","    nomen: true,","    regexp: true,","    stupid: true","*/","(function () {","    'use strict';","    var local;","","","","    // run shared js-env code - init-before","    (function () {","        // init local","        local = {};","        // init modeJs","        local.modeJs = (function () {","            try {","                return typeof navigator.userAgent === 'string' &&","                    typeof document.querySelector('body') === 'object' &&","                    typeof XMLHttpRequest.prototype.open === 'function' &&","                    'browser';","            } catch (errorCaughtBrowser) {","                return module.exports &&","                    typeof process.versions.node === 'string' &&","                    typeof require('http').createServer === 'function' &&","                    'node';","            }","        }());","        // init global","        local.global = local.modeJs === 'browser'","            ? window","            : global;","        // init utility2_rollup","        local = local.global.utility2_rollup || (local.modeJs === 'browser'","            ? local.global.utility2_npmtest_knox","            : global.utility2_moduleExports);","        // export local","        local.global.local = local;","    }());","    switch (local.modeJs) {","","","","    // init-after","    // run browser js-env code - init-after","    /* istanbul ignore next */","    case 'browser':","        local.testRunBrowser = function (event) {","            if (!event || (event &&","                    event.currentTarget &&","                    event.currentTarget.className &&","                    event.currentTarget.className.includes &&","                    event.currentTarget.className.includes('onreset'))) {","                // reset output","                Array.from(","                    document.querySelectorAll('body > .resettable')","                ).forEach(function (element) {","                    switch (element.tagName) {","                    case 'INPUT':","                    case 'TEXTAREA':","                        element.value = '';","                        break;","                    default:","                        element.textContent = '';","                    }","                });","            }","            switch (event && event.currentTarget && event.currentTarget.id) {","            case 'testRunButton1':","                // show tests","                if (document.querySelector('#testReportDiv1').style.display === 'none') {","                    document.querySelector('#testReportDiv1').style.display = 'block';","                    document.querySelector('#testRunButton1').textContent =","                        'hide internal test';","                    local.modeTest = true;","                    local.testRunDefault(local);","                // hide tests","                } else {","                    document.querySelector('#testReportDiv1').style.display = 'none';","                    document.querySelector('#testRunButton1').textContent = 'run internal test';","                }","                break;","            // custom-case","            default:","                break;","            }","            if (document.querySelector('#inputTextareaEval1') && (!event || (event &&","                    event.currentTarget &&","                    event.currentTarget.className &&","                    event.currentTarget.className.includes &&","                    event.currentTarget.className.includes('oneval')))) {","                // try to eval input-code","                try {","                    /*jslint evil: true*/","                    eval(document.querySelector('#inputTextareaEval1').value);","                } catch (errorCaught) {","                    console.error(errorCaught);","                }","            }","        };","        // log stderr and stdout to #outputTextareaStdout1","        ['error', 'log'].forEach(function (key) {","            console[key + '_original'] = console[key];","            console[key] = function () {","                var element;","                console[key + '_original'].apply(console, arguments);","                element = document.querySelector('#outputTextareaStdout1');","                if (!element) {","                    return;","                }","                // append text to #outputTextareaStdout1","                element.value += Array.from(arguments).map(function (arg) {","                    return typeof arg === 'string'","                        ? arg","                        : JSON.stringify(arg, null, 4);","                }).join(' ') + '\\n';","                // scroll textarea to bottom","                element.scrollTop = element.scrollHeight;","            };","        });","        // init event-handling","        ['change', 'click', 'keyup'].forEach(function (event) {","            Array.from(document.querySelectorAll('.on' + event)).forEach(function (element) {","                element.addEventListener(event, local.testRunBrowser);","            });","        });","        // run tests","        local.testRunBrowser();","        break;","","","","    // run node js-env code - init-after","    /* istanbul ignore next */","    case 'node':","        // export local","        module.exports = local;","        // require modules","        local.fs = require('fs');","        local.http = require('http');","        local.url = require('url');","        // init assets","        local.assetsDict = local.assetsDict || {};","        /* jslint-ignore-begin */","        local.assetsDict['/assets.index.template.html'] = '\\","<!doctype html>\\n\\","<html lang=\"en\">\\n\\","<head>\\n\\","<meta charset=\"UTF-8\">\\n\\","<meta name=\"viewport\" content=\"width=device-width, initial-scale=1\">\\n\\","<title>{{env.npm_package_name}} (v{{env.npm_package_version}})</title>\\n\\","<style>\\n\\","/*csslint\\n\\","    box-sizing: false,\\n\\","    universal-selector: false\\n\\","*/\\n\\","* {\\n\\","    box-sizing: border-box;\\n\\","}\\n\\","body {\\n\\","    background: #dde;\\n\\","    font-family: Arial, Helvetica, sans-serif;\\n\\","    margin: 2rem;\\n\\","}\\n\\","body > * {\\n\\","    margin-bottom: 1rem;\\n\\","}\\n\\",".utility2FooterDiv {\\n\\","    margin-top: 20px;\\n\\","    text-align: center;\\n\\","}\\n\\","</style>\\n\\","<style>\\n\\","/*csslint\\n\\","*/\\n\\","textarea {\\n\\","    font-family: monospace;\\n\\","    height: 10rem;\\n\\","    width: 100%;\\n\\","}\\n\\","textarea[readonly] {\\n\\","    background: #ddd;\\n\\","}\\n\\","</style>\\n\\","</head>\\n\\","<body>\\n\\","<!-- utility2-comment\\n\\","<div id=\"ajaxProgressDiv1\" style=\"background: #d00; height: 2px; left: 0; margin: 0; padding: 0; position: fixed; top: 0; transition: background 0.5s, width 1.5s; width: 25%;\"></div>\\n\\","utility2-comment -->\\n\\","<h1>\\n\\","<!-- utility2-comment\\n\\","    <a\\n\\","        {{#if env.npm_package_homepage}}\\n\\","        href=\"{{env.npm_package_homepage}}\"\\n\\","        {{/if env.npm_package_homepage}}\\n\\","        target=\"_blank\"\\n\\","    >\\n\\","utility2-comment -->\\n\\","        {{env.npm_package_name}} (v{{env.npm_package_version}})\\n\\","<!-- utility2-comment\\n\\","    </a>\\n\\","utility2-comment -->\\n\\","</h1>\\n\\","<h3>{{env.npm_package_description}}</h3>\\n\\","<!-- utility2-comment\\n\\","<h4><a download href=\"assets.app.js\">download standalone app</a></h4>\\n\\","<button class=\"onclick onreset\" id=\"testRunButton1\">run internal test</button><br>\\n\\","<div id=\"testReportDiv1\" style=\"display: none;\"></div>\\n\\","utility2-comment -->\\n\\","\\n\\","\\n\\","\\n\\","<label>stderr and stdout</label>\\n\\","<textarea class=\"resettable\" id=\"outputTextareaStdout1\" readonly></textarea>\\n\\","<!-- utility2-comment\\n\\","{{#if isRollup}}\\n\\","<script src=\"assets.app.js\"></script>\\n\\","{{#unless isRollup}}\\n\\","utility2-comment -->\\n\\","<script src=\"assets.utility2.rollup.js\"></script>\\n\\","<script src=\"jsonp.utility2._stateInit?callback=window.utility2._stateInit\"></script>\\n\\","<script src=\"assets.npmtest_knox.rollup.js\"></script>\\n\\","<script src=\"assets.example.js\"></script>\\n\\","<script src=\"assets.test.js\"></script>\\n\\","<!-- utility2-comment\\n\\","{{/if isRollup}}\\n\\","utility2-comment -->\\n\\","<div class=\"utility2FooterDiv\">\\n\\","    [ this app was created with\\n\\","    <a href=\"https://github.com/kaizhu256/node-utility2\" target=\"_blank\">utility2</a>\\n\\","    ]\\n\\","</div>\\n\\","</body>\\n\\","</html>\\n\\","';","        /* jslint-ignore-end */","        if (local.templateRender) {","            local.assetsDict['/'] = local.templateRender(","                local.assetsDict['/assets.index.template.html'],","                {","                    env: local.objectSetDefault(local.env, {","                        npm_package_description: 'the greatest app in the world!',","                        npm_package_name: 'my-app',","                        npm_package_nameAlias: 'my_app',","                        npm_package_version: '0.0.1'","                    })","                }","            );","        } else {","            local.assetsDict['/'] = local.assetsDict['/assets.index.template.html']","                .replace((/\\{\\{env\\.(\\w+?)\\}\\}/g), function (match0, match1) {","                    // jslint-hack","                    String(match0);","                    switch (match1) {","                    case 'npm_package_description':","                        return 'the greatest app in the world!';","                    case 'npm_package_name':","                        return 'my-app';","                    case 'npm_package_nameAlias':","                        return 'my_app';","                    case 'npm_package_version':","                        return '0.0.1';","                    }","                });","        }","        // run the cli","        if (local.global.utility2_rollup || module !== require.main) {","            break;","        }","        local.assetsDict['/assets.example.js'] =","            local.assetsDict['/assets.example.js'] ||","            local.fs.readFileSync(__filename, 'utf8');","        // bug-workaround - long $npm_package_buildCustomOrg","        /* jslint-ignore-begin */","        local.assetsDict['/assets.npmtest_knox.rollup.js'] =","            local.assetsDict['/assets.npmtest_knox.rollup.js'] ||","            local.fs.readFileSync(","                local.npmtest_knox.__dirname + '/lib.npmtest_knox.js',","                'utf8'","            ).replace((/^#!/), '//');","        /* jslint-ignore-end */","        local.assetsDict['/favicon.ico'] = local.assetsDict['/favicon.ico'] || '';","        // if $npm_config_timeout_exit exists,","        // then exit this process after $npm_config_timeout_exit ms","        if (Number(process.env.npm_config_timeout_exit)) {","            setTimeout(process.exit, Number(process.env.npm_config_timeout_exit));","        }","        // start server","        if (local.global.utility2_serverHttp1) {","            break;","        }","        process.env.PORT = process.env.PORT || '8081';","        console.error('server starting on port ' + process.env.PORT);","        local.http.createServer(function (request, response) {","            request.urlParsed = local.url.parse(request.url);","            if (local.assetsDict[request.urlParsed.pathname] !== undefined) {","                response.end(local.assetsDict[request.urlParsed.pathname]);","                return;","            }","            response.statusCode = 404;","            response.end();","        }).listen(process.env.PORT);","        break;","    }","}());",""],"l":{"26":2,"28":2,"33":2,"35":2,"37":2,"38":2,"39":2,"44":1,"51":2,"55":2,"59":2,"61":2,"69":1,"70":2,"76":2,"79":2,"82":2,"83":2,"85":1,"89":2,"92":1,"93":1,"94":1,"96":1,"97":1,"100":1,"101":1,"103":1,"106":1,"108":2,"114":1,"116":1,"118":1,"123":1,"124":2,"125":2,"126":3,"127":3,"128":3,"129":3,"130":1,"133":3,"134":3,"139":3,"143":1,"144":3,"145":1,"149":1,"150":1,"158":1,"160":1,"161":1,"162":1,"164":1,"166":1,"258":1,"259":1,"271":1,"274":6,"275":6,"277":1,"279":2,"281":1,"283":2,"288":1,"289":1,"291":1,"296":1,"303":1,"306":1,"307":1,"310":1,"311":1,"313":1,"314":1,"315":1,"316":1,"317":1,"318":1,"319":1,"321":1,"322":1,"324":1}},"/home/travis/build/npmtest/node-npmtest-knox/node_modules/knox/lib/index.js":{"path":"/home/travis/build/npmtest/node-npmtest-knox/node_modules/knox/lib/index.js","s":{"1":1,"2":1,"3":1},"b":{},"f":{},"fnMap":{},"statementMap":{"1":{"start":{"line":13,"column":0},"end":{"line":13,"column":47}},"2":{"start":{"line":21,"column":0},"end":{"line":21,"column":35}},"3":{"start":{"line":29,"column":0},"end":{"line":29,"column":33}}},"branchMap":{},"code":["\"use strict\";","","/*!"," * knox"," * Copyright(c) 2010–2012 LearnBoost <dev@learnboost.com>"," * MIT Licensed"," */","","/**"," * Client is the main export."," */","","exports = module.exports = require('./client');","","/**"," * Expose utilities."," *"," * @type Object"," */","","exports.utils = require('./utils');","","/**"," * Expose auth utils."," *"," * @type Object"," */","","exports.auth = require('./auth');",""],"l":{"13":1,"21":1,"29":1}},"/home/travis/build/npmtest/node-npmtest-knox/node_modules/knox/lib/client.js":{"path":"/home/travis/build/npmtest/node-npmtest-knox/node_modules/knox/lib/client.js","s":{"1":1,"2":1,"3":1,"4":1,"5":1,"6":1,"7":1,"8":1,"9":1,"10":0,"11":0,"12":0,"13":1,"14":0,"15":1,"16":0,"17":1,"18":0,"19":0,"20":1,"21":0,"22":0,"23":0,"24":0,"25":1,"26":0,"27":0,"28":0,"29":0,"30":0,"31":0,"32":0,"33":0,"34":0,"35":0,"36":1,"37":0,"38":0,"39":0,"40":0,"41":0,"42":0,"43":0,"44":1,"45":0,"46":1,"47":0,"48":0,"49":0,"50":0,"51":0,"52":0,"53":0,"54":0,"55":0,"56":0,"57":0,"58":1,"59":0,"60":0,"61":0,"62":0,"63":0,"64":1,"65":0,"66":0,"67":0,"68":0,"69":0,"70":0,"71":0,"72":0,"73":0,"74":0,"75":0,"76":0,"77":0,"78":0,"79":0,"80":0,"81":0,"82":0,"83":0,"84":0,"85":0,"86":0,"87":0,"88":0,"89":0,"90":0,"91":0,"92":0,"93":0,"94":0,"95":0,"96":0,"97":0,"98":0,"99":0,"100":0,"101":1,"102":0,"103":0,"104":0,"105":0,"106":0,"107":0,"108":0,"109":0,"110":0,"111":0,"112":0,"113":0,"114":0,"115":0,"116":0,"117":1,"118":0,"119":0,"120":1,"121":0,"122":0,"123":0,"124":0,"125":0,"126":0,"127":0,"128":0,"129":0,"130":0,"131":0,"132":0,"133":0,"134":0,"135":0,"136":0,"137":0,"138":0,"139":1,"140":0,"141":0,"142":0,"143":0,"144":0,"145":0,"146":0,"147":0,"148":0,"149":0,"150":0,"151":0,"152":0,"153":0,"154":0,"155":0,"156":1,"157":0,"158":0,"159":0,"160":0,"161":0,"162":0,"163":0,"164":0,"165":0,"166":1,"167":0,"168":1,"169":0,"170":0,"171":0,"172":0,"173":0,"174":0,"175":0,"176":0,"177":1,"178":0,"179":0,"180":0,"181":0,"182":0,"183":0,"184":1,"185":0,"186":0,"187":0,"188":0,"189":0,"190":0,"191":0,"192":0,"193":1,"194":0,"195":1,"196":0,"197":0,"198":0,"199":0,"200":0,"201":0,"202":0,"203":1,"204":0,"205":1,"206":0,"207":0,"208":0,"209":0,"210":0,"211":0,"212":0,"213":0,"214":1,"215":0,"216":1,"217":0,"218":0,"219":0,"220":0,"221":0,"222":0,"223":0,"224":0,"225":1,"226":0,"227":1,"228":0,"229":0,"230":0,"231":1,"232":0,"233":0,"234":0,"235":0,"236":0,"237":0,"238":0,"239":0,"240":0,"241":0,"242":0,"243":0,"244":0,"245":1,"246":1,"247":1,"248":0,"249":0,"250":0,"251":0,"252":0,"253":0,"254":0,"255":0,"256":0,"257":0,"258":0,"259":0,"260":0,"261":1,"262":0,"263":0,"264":0,"265":0,"266":0,"267":0,"268":0,"269":0,"270":0,"271":0,"272":0,"273":0,"274":0,"275":0,"276":0,"277":0,"278":0,"279":0,"280":0,"281":0,"282":0,"283":0,"284":0,"285":0,"286":0,"287":0,"288":0,"289":0,"290":0,"291":0,"292":0,"293":1,"294":0,"295":0,"296":1,"297":0,"298":0,"299":1,"300":0,"301":0,"302":0,"303":0,"304":0,"305":0,"306":0,"307":0,"308":1,"309":0},"b":{"1":[0,0],"2":[0,0],"3":[0,0],"4":[0,0],"5":[0,0],"6":[0,0],"7":[0,0],"8":[0,0],"9":[0,0],"10":[0,0],"11":[0,0,0],"12":[0,0],"13":[0,0],"14":[0,0],"15":[0,0],"16":[0,0],"17":[0,0],"18":[0,0],"19":[0,0],"20":[0,0,0],"21":[0,0],"22":[0,0],"23":[0,0],"24":[0,0],"25":[0,0],"26":[0,0,0],"27":[0,0],"28":[0,0],"29":[0,0],"30":[0,0],"31":[0,0],"32":[0,0],"33":[0,0],"34":[0,0],"35":[0,0],"36":[0,0],"37":[0,0],"38":[0,0],"39":[0,0],"40":[0,0],"41":[0,0],"42":[0,0],"43":[0,0],"44":[0,0],"45":[0,0],"46":[0,0],"47":[0,0],"48":[0,0],"49":[0,0],"50":[0,0],"51":[0,0],"52":[0,0],"53":[0,0],"54":[0,0],"55":[0,0],"56":[0,0],"57":[0,0],"58":[0,0],"59":[0,0],"60":[0,0],"61":[0,0],"62":[0,0],"63":[0,0],"64":[0,0],"65":[0,0],"66":[0,0],"67":[0,0],"68":[0,0],"69":[0,0,0],"70":[0,0],"71":[0,0],"72":[0,0,0],"73":[0,0]},"f":{"1":0,"2":0,"3":0,"4":0,"5":0,"6":0,"7":0,"8":0,"9":0,"10":0,"11":0,"12":0,"13":0,"14":0,"15":0,"16":0,"17":0,"18":0,"19":0,"20":0,"21":0,"22":0,"23":0,"24":0,"25":0,"26":0,"27":0,"28":0,"29":0,"30":0,"31":0,"32":0,"33":0,"34":0,"35":0,"36":0,"37":0,"38":0,"39":0,"40":0,"41":0,"42":0,"43":0,"44":0,"45":0,"46":0},"fnMap":{"1":{"name":"registerReqListeners","line":49,"loc":{"start":{"line":49,"column":0},"end":{"line":49,"column":38}}},"2":{"name":"(anonymous_2)","line":50,"loc":{"start":{"line":50,"column":21},"end":{"line":50,"column":36}}},"3":{"name":"ensureLeadingSlash","line":56,"loc":{"start":{"line":56,"column":0},"end":{"line":56,"column":38}}},"4":{"name":"removeLeadingSlash","line":60,"loc":{"start":{"line":60,"column":0},"end":{"line":60,"column":38}}},"5":{"name":"encodeSpecialCharacters","line":64,"loc":{"start":{"line":64,"column":0},"end":{"line":64,"column":43}}},"6":{"name":"(anonymous_6)","line":67,"loc":{"start":{"line":67,"column":53},"end":{"line":67,"column":69}}},"7":{"name":"getHeader","line":72,"loc":{"start":{"line":72,"column":0},"end":{"line":72,"column":49}}},"8":{"name":"isNotDnsCompliant","line":81,"loc":{"start":{"line":81,"column":0},"end":{"line":81,"column":35}}},"9":{"name":"(anonymous_9)","line":91,"loc":{"start":{"line":91,"column":48},"end":{"line":91,"column":65}}},"10":{"name":"isInvalid","line":102,"loc":{"start":{"line":102,"column":0},"end":{"line":102,"column":27}}},"11":{"name":"containsPeriod","line":117,"loc":{"start":{"line":117,"column":0},"end":{"line":117,"column":32}}},"12":{"name":"autoDetermineStyle","line":121,"loc":{"start":{"line":121,"column":0},"end":{"line":121,"column":37}}},"13":{"name":"getCopyHeaders","line":153,"loc":{"start":{"line":153,"column":0},"end":{"line":153,"column":63}}},"14":{"name":"Client","line":175,"loc":{"start":{"line":175,"column":40},"end":{"line":175,"column":65}}},"15":{"name":"(anonymous_15)","line":254,"loc":{"start":{"line":254,"column":27},"end":{"line":254,"column":62}}},"16":{"name":"(anonymous_16)","line":324,"loc":{"start":{"line":324,"column":23},"end":{"line":324,"column":50}}},"17":{"name":"(anonymous_17)","line":350,"loc":{"start":{"line":350,"column":27},"end":{"line":350,"column":63}}},"18":{"name":"(anonymous_18)","line":360,"loc":{"start":{"line":360,"column":15},"end":{"line":360,"column":36}}},"19":{"name":"(anonymous_19)","line":398,"loc":{"start":{"line":398,"column":29},"end":{"line":398,"column":68}}},"20":{"name":"(anonymous_20)","line":401,"loc":{"start":{"line":401,"column":21},"end":{"line":401,"column":33}}},"21":{"name":"(anonymous_21)","line":415,"loc":{"start":{"line":415,"column":25},"end":{"line":415,"column":35}}},"22":{"name":"(anonymous_22)","line":440,"loc":{"start":{"line":440,"column":29},"end":{"line":440,"column":68}}},"23":{"name":"(anonymous_23)","line":465,"loc":{"start":{"line":465,"column":24},"end":{"line":465,"column":71}}},"24":{"name":"(anonymous_24)","line":480,"loc":{"start":{"line":480,"column":28},"end":{"line":480,"column":79}}},"25":{"name":"(anonymous_25)","line":505,"loc":{"start":{"line":505,"column":26},"end":{"line":505,"column":85}}},"26":{"name":"(anonymous_26)","line":528,"loc":{"start":{"line":528,"column":30},"end":{"line":528,"column":93}}},"27":{"name":"(anonymous_27)","line":550,"loc":{"start":{"line":550,"column":23},"end":{"line":550,"column":50}}},"28":{"name":"(anonymous_28)","line":564,"loc":{"start":{"line":564,"column":27},"end":{"line":564,"column":58}}},"29":{"name":"(anonymous_29)","line":585,"loc":{"start":{"line":585,"column":24},"end":{"line":585,"column":51}}},"30":{"name":"(anonymous_30)","line":599,"loc":{"start":{"line":599,"column":28},"end":{"line":599,"column":59}}},"31":{"name":"(anonymous_31)","line":620,"loc":{"start":{"line":620,"column":23},"end":{"line":620,"column":50}}},"32":{"name":"(anonymous_32)","line":634,"loc":{"start":{"line":634,"column":30},"end":{"line":634,"column":61}}},"33":{"name":"xmlEscape","line":646,"loc":{"start":{"line":646,"column":0},"end":{"line":646,"column":27}}},"34":{"name":"makeDeleteXmlBuffer","line":654,"loc":{"start":{"line":654,"column":0},"end":{"line":654,"column":35}}},"35":{"name":"(anonymous_35)","line":655,"loc":{"start":{"line":655,"column":24},"end":{"line":655,"column":37}}},"36":{"name":"(anonymous_36)","line":674,"loc":{"start":{"line":674,"column":34},"end":{"line":674,"column":66}}},"37":{"name":"normalizeResponse","line":732,"loc":{"start":{"line":732,"column":0},"end":{"line":732,"column":33}}},"38":{"name":"(anonymous_38)","line":768,"loc":{"start":{"line":768,"column":24},"end":{"line":768,"column":53}}},"39":{"name":"(anonymous_39)","line":786,"loc":{"start":{"line":786,"column":28},"end":{"line":786,"column":46}}},"40":{"name":"(anonymous_40)","line":791,"loc":{"start":{"line":791,"column":19},"end":{"line":791,"column":34}}},"41":{"name":"(anonymous_41)","line":795,"loc":{"start":{"line":795,"column":18},"end":{"line":795,"column":28}}},"42":{"name":"(anonymous_42)","line":797,"loc":{"start":{"line":797,"column":29},"end":{"line":797,"column":48}}},"43":{"name":"(anonymous_43)","line":825,"loc":{"start":{"line":825,"column":24},"end":{"line":825,"column":42}}},"44":{"name":"(anonymous_44)","line":839,"loc":{"start":{"line":839,"column":25},"end":{"line":839,"column":43}}},"45":{"name":"(anonymous_45)","line":855,"loc":{"start":{"line":855,"column":29},"end":{"line":855,"column":68}}},"46":{"name":"(anonymous_46)","line":894,"loc":{"start":{"line":894,"column":23},"end":{"line":894,"column":40}}}},"statementMap":{"1":{"start":{"line":13,"column":0},"end":{"line":26,"column":32}},"2":{"start":{"line":29,"column":0},"end":{"line":29,"column":26}},"3":{"start":{"line":32,"column":0},"end":{"line":32,"column":26}},"4":{"start":{"line":33,"column":0},"end":{"line":33,"column":43}},"5":{"start":{"line":34,"column":0},"end":{"line":34,"column":40}},"6":{"start":{"line":35,"column":0},"end":{"line":35,"column":46}},"7":{"start":{"line":36,"column":0},"end":{"line":36,"column":63}},"8":{"start":{"line":37,"column":0},"end":{"line":37,"column":47}},"9":{"start":{"line":49,"column":0},"end":{"line":54,"column":1}},"10":{"start":{"line":50,"column":2},"end":{"line":52,"column":5}},"11":{"start":{"line":51,"column":4},"end":{"line":51,"column":18}},"12":{"start":{"line":53,"column":2},"end":{"line":53,"column":22}},"13":{"start":{"line":56,"column":0},"end":{"line":58,"column":1}},"14":{"start":{"line":57,"column":2},"end":{"line":57,"column":57}},"15":{"start":{"line":60,"column":0},"end":{"line":62,"column":1}},"16":{"start":{"line":61,"column":2},"end":{"line":61,"column":64}},"17":{"start":{"line":64,"column":0},"end":{"line":70,"column":1}},"18":{"start":{"line":67,"column":2},"end":{"line":69,"column":5}},"19":{"start":{"line":68,"column":4},"end":{"line":68,"column":49}},"20":{"start":{"line":72,"column":0},"end":{"line":79,"column":1}},"21":{"start":{"line":73,"column":2},"end":{"line":77,"column":3}},"22":{"start":{"line":74,"column":4},"end":{"line":76,"column":5}},"23":{"start":{"line":75,"column":6},"end":{"line":75,"column":29}},"24":{"start":{"line":78,"column":2},"end":{"line":78,"column":14}},"25":{"start":{"line":81,"column":0},"end":{"line":100,"column":1}},"26":{"start":{"line":82,"column":2},"end":{"line":84,"column":3}},"27":{"start":{"line":83,"column":4},"end":{"line":83,"column":79}},"28":{"start":{"line":86,"column":2},"end":{"line":88,"column":3}},"29":{"start":{"line":87,"column":4},"end":{"line":87,"column":45}},"30":{"start":{"line":90,"column":2},"end":{"line":90,"column":39}},"31":{"start":{"line":91,"column":2},"end":{"line":93,"column":5}},"32":{"start":{"line":92,"column":4},"end":{"line":92,"column":36}},"33":{"start":{"line":95,"column":2},"end":{"line":97,"column":3}},"34":{"start":{"line":96,"column":4},"end":{"line":96,"column":63}},"35":{"start":{"line":99,"column":2},"end":{"line":99,"column":15}},"36":{"start":{"line":102,"column":0},"end":{"line":115,"column":1}},"37":{"start":{"line":103,"column":2},"end":{"line":105,"column":3}},"38":{"start":{"line":104,"column":4},"end":{"line":104,"column":63}},"39":{"start":{"line":106,"column":2},"end":{"line":108,"column":3}},"40":{"start":{"line":107,"column":4},"end":{"line":107,"column":75}},"41":{"start":{"line":110,"column":2},"end":{"line":112,"column":3}},"42":{"start":{"line":111,"column":4},"end":{"line":111,"column":41}},"43":{"start":{"line":114,"column":2},"end":{"line":114,"column":15}},"44":{"start":{"line":117,"column":0},"end":{"line":119,"column":1}},"45":{"start":{"line":118,"column":2},"end":{"line":118,"column":36}},"46":{"start":{"line":121,"column":0},"end":{"line":143,"column":1}},"47":{"start":{"line":122,"column":2},"end":{"line":126,"column":3}},"48":{"start":{"line":124,"column":4},"end":{"line":124,"column":27}},"49":{"start":{"line":125,"column":4},"end":{"line":125,"column":11}},"50":{"start":{"line":128,"column":2},"end":{"line":128,"column":58}},"51":{"start":{"line":129,"column":2},"end":{"line":138,"column":3}},"52":{"start":{"line":130,"column":4},"end":{"line":134,"column":5}},"53":{"start":{"line":131,"column":6},"end":{"line":133,"column":55}},"54":{"start":{"line":136,"column":4},"end":{"line":136,"column":27}},"55":{"start":{"line":137,"column":4},"end":{"line":137,"column":11}},"56":{"start":{"line":140,"column":2},"end":{"line":142,"column":3}},"57":{"start":{"line":141,"column":4},"end":{"line":141,"column":36}},"58":{"start":{"line":153,"column":0},"end":{"line":159,"column":1}},"59":{"start":{"line":154,"column":2},"end":{"line":154,"column":79}},"60":{"start":{"line":155,"column":2},"end":{"line":155,"column":43}},"61":{"start":{"line":156,"column":2},"end":{"line":156,"column":69}},"62":{"start":{"line":157,"column":2},"end":{"line":157,"column":32}},"63":{"start":{"line":158,"column":2},"end":{"line":158,"column":17}},"64":{"start":{"line":175,"column":0},"end":{"line":242,"column":2}},"65":{"start":{"line":176,"column":2},"end":{"line":176,"column":58}},"66":{"start":{"line":176,"column":20},"end":{"line":176,"column":58}},"67":{"start":{"line":177,"column":2},"end":{"line":177,"column":64}},"68":{"start":{"line":177,"column":23},"end":{"line":177,"column":64}},"69":{"start":{"line":178,"column":2},"end":{"line":178,"column":64}},"70":{"start":{"line":178,"column":23},"end":{"line":178,"column":64}},"71":{"start":{"line":180,"column":2},"end":{"line":183,"column":3}},"72":{"start":{"line":182,"column":4},"end":{"line":182,"column":63}},"73":{"start":{"line":185,"column":2},"end":{"line":187,"column":3}},"74":{"start":{"line":186,"column":4},"end":{"line":186,"column":46}},"75":{"start":{"line":189,"column":2},"end":{"line":189,"column":46}},"76":{"start":{"line":190,"column":2},"end":{"line":190,"column":58}},"77":{"start":{"line":192,"column":2},"end":{"line":194,"column":3}},"78":{"start":{"line":193,"column":4},"end":{"line":193,"column":81}},"79":{"start":{"line":197,"column":2},"end":{"line":197,"column":42}},"80":{"start":{"line":200,"column":2},"end":{"line":200,"column":37}},"81":{"start":{"line":201,"column":2},"end":{"line":201,"column":30}},"82":{"start":{"line":203,"column":2},"end":{"line":220,"column":3}},"83":{"start":{"line":204,"column":4},"end":{"line":209,"column":5}},"84":{"start":{"line":205,"column":6},"end":{"line":205,"column":44}},"85":{"start":{"line":206,"column":6},"end":{"line":206,"column":37}},"86":{"start":{"line":208,"column":6},"end":{"line":208,"column":67}},"87":{"start":{"line":211,"column":4},"end":{"line":217,"column":5}},"88":{"start":{"line":212,"column":6},"end":{"line":216,"column":7}},"89":{"start":{"line":213,"column":8},"end":{"line":215,"column":54}},"90":{"start":{"line":219,"column":4},"end":{"line":219,"column":31}},"91":{"start":{"line":222,"column":2},"end":{"line":222,"column":80}},"92":{"start":{"line":223,"column":2},"end":{"line":223,"column":51}},"93":{"start":{"line":225,"column":2},"end":{"line":231,"column":3}},"94":{"start":{"line":226,"column":4},"end":{"line":226,"column":56}},"95":{"start":{"line":227,"column":4},"end":{"line":227,"column":72}},"96":{"start":{"line":229,"column":4},"end":{"line":229,"column":33}},"97":{"start":{"line":230,"column":4},"end":{"line":230,"column":72}},"98":{"start":{"line":237,"column":2},"end":{"line":237,"column":21}},"99":{"start":{"line":239,"column":2},"end":{"line":239,"column":29}},"100":{"start":{"line":241,"column":2},"end":{"line":241,"column":50}},"101":{"start":{"line":254,"column":0},"end":{"line":292,"column":2}},"102":{"start":{"line":255,"column":2},"end":{"line":258,"column":51}},"103":{"start":{"line":261,"column":2},"end":{"line":261,"column":35}},"104":{"start":{"line":262,"column":2},"end":{"line":264,"column":3}},"105":{"start":{"line":263,"column":4},"end":{"line":263,"column":29}},"106":{"start":{"line":266,"column":2},"end":{"line":267,"column":49}},"107":{"start":{"line":267,"column":4},"end":{"line":267,"column":49}},"108":{"start":{"line":270,"column":2},"end":{"line":279,"column":5}},"109":{"start":{"line":281,"column":2},"end":{"line":281,"column":66}},"110":{"start":{"line":284,"column":2},"end":{"line":284,"column":26}},"111":{"start":{"line":285,"column":2},"end":{"line":285,"column":44}},"112":{"start":{"line":286,"column":2},"end":{"line":286,"column":28}},"113":{"start":{"line":287,"column":2},"end":{"line":287,"column":58}},"114":{"start":{"line":288,"column":2},"end":{"line":288,"column":31}},"115":{"start":{"line":289,"column":2},"end":{"line":289,"column":34}},"116":{"start":{"line":291,"column":2},"end":{"line":291,"column":13}},"117":{"start":{"line":324,"column":0},"end":{"line":327,"column":2}},"118":{"start":{"line":325,"column":2},"end":{"line":325,"column":43}},"119":{"start":{"line":326,"column":2},"end":{"line":326,"column":73}},"120":{"start":{"line":350,"column":0},"end":{"line":384,"column":2}},"121":{"start":{"line":351,"column":2},"end":{"line":351,"column":18}},"122":{"start":{"line":352,"column":2},"end":{"line":352,"column":28}},"123":{"start":{"line":354,"column":2},"end":{"line":357,"column":3}},"124":{"start":{"line":355,"column":4},"end":{"line":355,"column":17}},"125":{"start":{"line":356,"column":4},"end":{"line":356,"column":17}},"126":{"start":{"line":359,"column":2},"end":{"line":359,"column":23}},"127":{"start":{"line":360,"column":2},"end":{"line":381,"column":5}},"128":{"start":{"line":361,"column":4},"end":{"line":361,"column":28}},"129":{"start":{"line":361,"column":13},"end":{"line":361,"column":28}},"130":{"start":{"line":363,"column":4},"end":{"line":363,"column":39}},"131":{"start":{"line":366,"column":4},"end":{"line":366,"column":52}},"132":{"start":{"line":367,"column":4},"end":{"line":369,"column":5}},"133":{"start":{"line":368,"column":6},"end":{"line":368,"column":44}},"134":{"start":{"line":371,"column":4},"end":{"line":374,"column":16}},"135":{"start":{"line":376,"column":4},"end":{"line":376,"column":42}},"136":{"start":{"line":378,"column":4},"end":{"line":378,"column":60}},"137":{"start":{"line":380,"column":4},"end":{"line":380,"column":63}},"138":{"start":{"line":383,"column":2},"end":{"line":383,"column":17}},"139":{"start":{"line":398,"column":0},"end":{"line":426,"column":2}},"140":{"start":{"line":399,"column":2},"end":{"line":399,"column":59}},"141":{"start":{"line":400,"column":2},"end":{"line":405,"column":3}},"142":{"start":{"line":401,"column":4},"end":{"line":403,"column":7}},"143":{"start":{"line":402,"column":6},"end":{"line":402,"column":65}},"144":{"start":{"line":404,"column":4},"end":{"line":404,"column":11}},"145":{"start":{"line":407,"column":2},"end":{"line":407,"column":18}},"146":{"start":{"line":408,"column":2},"end":{"line":408,"column":40}},"147":{"start":{"line":410,"column":2},"end":{"line":410,"column":16}},"148":{"start":{"line":411,"column":2},"end":{"line":411,"column":32}},"149":{"start":{"line":412,"column":2},"end":{"line":412,"column":25}},"150":{"start":{"line":414,"column":2},"end":{"line":414,"column":36}},"151":{"start":{"line":415,"column":2},"end":{"line":421,"column":5}},"152":{"start":{"line":416,"column":4},"end":{"line":420,"column":7}},"153":{"start":{"line":423,"column":2},"end":{"line":423,"column":23}},"154":{"start":{"line":424,"column":2},"end":{"line":424,"column":19}},"155":{"start":{"line":425,"column":2},"end":{"line":425,"column":13}},"156":{"start":{"line":440,"column":0},"end":{"line":453,"column":2}},"157":{"start":{"line":441,"column":2},"end":{"line":444,"column":3}},"158":{"start":{"line":442,"column":4},"end":{"line":442,"column":17}},"159":{"start":{"line":443,"column":4},"end":{"line":443,"column":17}},"160":{"start":{"line":446,"column":2},"end":{"line":446,"column":44}},"161":{"start":{"line":448,"column":2},"end":{"line":448,"column":40}},"162":{"start":{"line":449,"column":2},"end":{"line":449,"column":16}},"163":{"start":{"line":450,"column":2},"end":{"line":450,"column":32}},"164":{"start":{"line":451,"column":2},"end":{"line":451,"column":18}},"165":{"start":{"line":452,"column":2},"end":{"line":452,"column":13}},"166":{"start":{"line":465,"column":0},"end":{"line":467,"column":2}},"167":{"start":{"line":466,"column":2},"end":{"line":466,"column":86}},"168":{"start":{"line":480,"column":0},"end":{"line":491,"column":2}},"169":{"start":{"line":481,"column":2},"end":{"line":484,"column":3}},"170":{"start":{"line":482,"column":4},"end":{"line":482,"column":17}},"171":{"start":{"line":483,"column":4},"end":{"line":483,"column":17}},"172":{"start":{"line":486,"column":2},"end":{"line":486,"column":61}},"173":{"start":{"line":487,"column":2},"end":{"line":487,"column":16}},"174":{"start":{"line":488,"column":2},"end":{"line":488,"column":32}},"175":{"start":{"line":489,"column":2},"end":{"line":489,"column":12}},"176":{"start":{"line":490,"column":2},"end":{"line":490,"column":13}},"177":{"start":{"line":505,"column":0},"end":{"line":514,"column":2}},"178":{"start":{"line":506,"column":2},"end":{"line":506,"column":46}},"179":{"start":{"line":507,"column":2},"end":{"line":511,"column":3}},"180":{"start":{"line":508,"column":4},"end":{"line":508,"column":32}},"181":{"start":{"line":510,"column":4},"end":{"line":510,"column":37}},"182":{"start":{"line":512,"column":2},"end":{"line":512,"column":45}},"183":{"start":{"line":513,"column":2},"end":{"line":513,"column":88}},"184":{"start":{"line":528,"column":0},"end":{"line":539,"column":2}},"185":{"start":{"line":529,"column":2},"end":{"line":532,"column":3}},"186":{"start":{"line":530,"column":4},"end":{"line":530,"column":17}},"187":{"start":{"line":531,"column":4},"end":{"line":531,"column":17}},"188":{"start":{"line":534,"column":2},"end":{"line":534,"column":75}},"189":{"start":{"line":535,"column":2},"end":{"line":535,"column":16}},"190":{"start":{"line":536,"column":2},"end":{"line":536,"column":32}},"191":{"start":{"line":537,"column":2},"end":{"line":537,"column":12}},"192":{"start":{"line":538,"column":2},"end":{"line":538,"column":13}},"193":{"start":{"line":550,"column":0},"end":{"line":552,"column":2}},"194":{"start":{"line":551,"column":2},"end":{"line":551,"column":73}},"195":{"start":{"line":564,"column":0},"end":{"line":574,"column":2}},"196":{"start":{"line":565,"column":2},"end":{"line":568,"column":3}},"197":{"start":{"line":566,"column":4},"end":{"line":566,"column":17}},"198":{"start":{"line":567,"column":4},"end":{"line":567,"column":17}},"199":{"start":{"line":570,"column":2},"end":{"line":570,"column":40}},"200":{"start":{"line":571,"column":2},"end":{"line":571,"column":32}},"201":{"start":{"line":572,"column":2},"end":{"line":572,"column":12}},"202":{"start":{"line":573,"column":2},"end":{"line":573,"column":13}},"203":{"start":{"line":585,"column":0},"end":{"line":587,"column":2}},"204":{"start":{"line":586,"column":2},"end":{"line":586,"column":74}},"205":{"start":{"line":599,"column":0},"end":{"line":609,"column":2}},"206":{"start":{"line":600,"column":2},"end":{"line":603,"column":3}},"207":{"start":{"line":601,"column":4},"end":{"line":601,"column":17}},"208":{"start":{"line":602,"column":4},"end":{"line":602,"column":17}},"209":{"start":{"line":604,"column":2},"end":{"line":604,"column":41}},"210":{"start":{"line":605,"column":2},"end":{"line":605,"column":16}},"211":{"start":{"line":606,"column":2},"end":{"line":606,"column":32}},"212":{"start":{"line":607,"column":2},"end":{"line":607,"column":12}},"213":{"start":{"line":608,"column":2},"end":{"line":608,"column":13}},"214":{"start":{"line":620,"column":0},"end":{"line":622,"column":2}},"215":{"start":{"line":621,"column":2},"end":{"line":621,"column":76}},"216":{"start":{"line":634,"column":0},"end":{"line":644,"column":2}},"217":{"start":{"line":635,"column":2},"end":{"line":638,"column":3}},"218":{"start":{"line":636,"column":4},"end":{"line":636,"column":17}},"219":{"start":{"line":637,"column":4},"end":{"line":637,"column":17}},"220":{"start":{"line":639,"column":2},"end":{"line":639,"column":40}},"221":{"start":{"line":640,"column":2},"end":{"line":640,"column":16}},"222":{"start":{"line":641,"column":2},"end":{"line":641,"column":32}},"223":{"start":{"line":642,"column":2},"end":{"line":642,"column":12}},"224":{"start":{"line":643,"column":2},"end":{"line":643,"column":13}},"225":{"start":{"line":646,"column":0},"end":{"line":652,"column":1}},"226":{"start":{"line":647,"column":2},"end":{"line":651,"column":29}},"227":{"start":{"line":654,"column":0},"end":{"line":662,"column":1}},"228":{"start":{"line":655,"column":4},"end":{"line":659,"column":7}},"229":{"start":{"line":656,"column":6},"end":{"line":658,"column":26}},"230":{"start":{"line":660,"column":4},"end":{"line":661,"column":56}},"231":{"start":{"line":674,"column":0},"end":{"line":695,"column":2}},"232":{"start":{"line":675,"column":2},"end":{"line":678,"column":3}},"233":{"start":{"line":676,"column":4},"end":{"line":677,"column":48}},"234":{"start":{"line":680,"column":2},"end":{"line":683,"column":3}},"235":{"start":{"line":681,"column":4},"end":{"line":681,"column":17}},"236":{"start":{"line":682,"column":4},"end":{"line":682,"column":17}},"237":{"start":{"line":685,"column":2},"end":{"line":685,"column":43}},"238":{"start":{"line":687,"column":2},"end":{"line":687,"column":41}},"239":{"start":{"line":688,"column":2},"end":{"line":688,"column":81}},"240":{"start":{"line":690,"column":2},"end":{"line":690,"column":54}},"241":{"start":{"line":691,"column":2},"end":{"line":691,"column":16}},"242":{"start":{"line":692,"column":2},"end":{"line":692,"column":32}},"243":{"start":{"line":693,"column":2},"end":{"line":693,"column":15}},"244":{"start":{"line":694,"column":2},"end":{"line":694,"column":13}},"245":{"start":{"line":703,"column":0},"end":{"line":708,"column":2}},"246":{"start":{"line":716,"column":0},"end":{"line":723,"column":2}},"247":{"start":{"line":732,"column":0},"end":{"line":756,"column":1}},"248":{"start":{"line":733,"column":2},"end":{"line":755,"column":3}},"249":{"start":{"line":734,"column":4},"end":{"line":734,"column":45}},"250":{"start":{"line":736,"column":4},"end":{"line":750,"column":5}},"251":{"start":{"line":737,"column":6},"end":{"line":749,"column":7}},"252":{"start":{"line":738,"column":8},"end":{"line":738,"column":40}},"253":{"start":{"line":739,"column":13},"end":{"line":749,"column":7}},"254":{"start":{"line":742,"column":8},"end":{"line":744,"column":9}},"255":{"start":{"line":743,"column":10},"end":{"line":743,"column":34}},"256":{"start":{"line":745,"column":13},"end":{"line":749,"column":7}},"257":{"start":{"line":746,"column":8},"end":{"line":746,"column":41}},"258":{"start":{"line":748,"column":8},"end":{"line":748,"column":38}},"259":{"start":{"line":752,"column":4},"end":{"line":754,"column":5}},"260":{"start":{"line":753,"column":6},"end":{"line":753,"column":43}},"261":{"start":{"line":768,"column":0},"end":{"line":815,"column":2}},"262":{"start":{"line":769,"column":2},"end":{"line":772,"column":3}},"263":{"start":{"line":770,"column":4},"end":{"line":770,"column":17}},"264":{"start":{"line":771,"column":4},"end":{"line":771,"column":17}},"265":{"start":{"line":774,"column":2},"end":{"line":777,"column":3}},"266":{"start":{"line":775,"column":4},"end":{"line":775,"column":16}},"267":{"start":{"line":776,"column":4},"end":{"line":776,"column":18}},"268":{"start":{"line":779,"column":2},"end":{"line":782,"column":3}},"269":{"start":{"line":780,"column":4},"end":{"line":780,"column":21}},"270":{"start":{"line":781,"column":4},"end":{"line":781,"column":18}},"271":{"start":{"line":784,"column":2},"end":{"line":784,"column":53}},"272":{"start":{"line":785,"column":2},"end":{"line":785,"column":46}},"273":{"start":{"line":786,"column":2},"end":{"line":811,"column":5}},"274":{"start":{"line":787,"column":4},"end":{"line":787,"column":28}},"275":{"start":{"line":787,"column":13},"end":{"line":787,"column":28}},"276":{"start":{"line":789,"column":4},"end":{"line":789,"column":20}},"277":{"start":{"line":791,"column":4},"end":{"line":793,"column":7}},"278":{"start":{"line":792,"column":6},"end":{"line":792,"column":22}},"279":{"start":{"line":795,"column":4},"end":{"line":810,"column":7}},"280":{"start":{"line":796,"column":6},"end":{"line":809,"column":11}},"281":{"start":{"line":798,"column":10},"end":{"line":798,"column":34}},"282":{"start":{"line":798,"column":19},"end":{"line":798,"column":34}},"283":{"start":{"line":799,"column":10},"end":{"line":799,"column":75}},"284":{"start":{"line":799,"column":28},"end":{"line":799,"column":75}},"285":{"start":{"line":801,"column":10},"end":{"line":801,"column":24}},"286":{"start":{"line":802,"column":10},"end":{"line":802,"column":34}},"287":{"start":{"line":804,"column":10},"end":{"line":806,"column":11}},"288":{"start":{"line":805,"column":12},"end":{"line":805,"column":31}},"289":{"start":{"line":808,"column":10},"end
[...]
n' == typeof headers) {","    fn = headers;","    headers = {};","  }","","  if ('function' == typeof params) {","    fn = params;","    params = null;","  }","","  if (params && !LIST_PARAMS[Object.keys(params)[0]]) {","    headers = params;","    params = null;","  }","","  var url = params ? '?' + qs.stringify(params) : '';","  var req = this.request('GET', url, headers);","  registerReqListeners(req, function(err, res){","    if (err) return fn(err);","","    var xmlStr = '';","","    res.on('data', function(chunk){","      xmlStr += chunk;","    });","","    res.on('end', function(){","      new xml2js.Parser({explicitArray: false, explicitRoot: false})","        .parseString(xmlStr, function(err, data){","          if (err) return fn(err);","          if (data == null) return fn(new Error('null response received'));","","          delete data.$;","          normalizeResponse(data);","","          if (!('Contents' in data)) {","            data.Contents = [];","          }","","          fn(null, data);","        });","    });","  });","  req.on('error', fn);","  req.end();","  return req;","};","","/**"," * Return a url to the given `filename`."," *"," * @param {String} filename"," * @return {String}"," * @api public"," */","","Client.prototype.http = function(filename){","  filename = encodeSpecialCharacters(ensureLeadingSlash(filename));","","  return 'http://' + this.urlBase + filename;","};","","/**"," * Return an HTTPS url to the given `filename`."," *"," * @param {String} filename"," * @return {String}"," * @api public"," */","","Client.prototype.https = function(filename){","  filename = encodeSpecialCharacters(ensureLeadingSlash(filename));","","  return 'https://' + this.urlBase + filename;","};","","/**"," * Return an S3 presigned url to the given `filename`."," *"," * @param {String} filename"," * @param {Date} expiration"," * @param {Object} options: can take verb, contentType, and qs object"," * @return {String}"," * @api public"," */","","Client.prototype.signedUrl = function(filename, expiration, options){","  var epoch = Math.floor(expiration.getTime()/1000)","    , pathname = url.parse(filename).pathname","    , resource = '/' + this.bucket + ensureLeadingSlash(pathname);","","  if (options && options.qs) {","    resource += '?' + decodeURIComponent(qs.stringify(options.qs));","  }","","  var signature = auth.signQuery({","      secret: this.secret","    , date: epoch","    , resource: resource","    , verb: (options && options.verb) || 'GET'","    , contentType: options && options.contentType","    , extraHeaders : options && options.extraHeaders","    , token: this.token","  });","","  var queryString = qs.stringify(utils.merge({","    Expires: epoch,","    AWSAccessKeyId: this.key,","    Signature: signature","  }, (options && options.qs) || {}));","","  if (typeof this.token !== 'undefined')","      queryString += '&x-amz-security-token=' + encodeURIComponent(this.token);","","  return this.url(filename) + '?' + queryString;","};","","/**"," * Shortcut for `new Client()`."," *"," * @param {Object} options"," * @see Client()"," * @api public"," */","","exports.createClient = function(options){","  return new Client(options);","};",""],"l":{"13":1,"29":1,"32":1,"33":1,"34":1,"35":1,"36":1,"37":1,"49":1,"50":0,"51":0,"53":0,"56":1,"57":0,"60":1,"61":0,"64":1,"67":0,"68":0,"72":1,"73":0,"74":0,"75":0,"78":0,"81":1,"82":0,"83":0,"86":0,"87":0,"90":0,"91":0,"92":0,"95":0,"96":0,"99":0,"102":1,"103":0,"104":0,"106":0,"107":0,"110":0,"111":0,"114":0,"117":1,"118":0,"121":1,"122":0,"124":0,"125":0,"128":0,"129":0,"130":0,"131":0,"136":0,"137":0,"140":0,"141":0,"153":1,"154":0,"155":0,"156":0,"157":0,"158":0,"175":1,"176":0,"177":0,"178":0,"180":0,"182":0,"185":0,"186":0,"189":0,"190":0,"192":0,"193":0,"197":0,"200":0,"201":0,"203":0,"204":0,"205":0,"206":0,"208":0,"211":0,"212":0,"213":0,"219":0,"222":0,"223":0,"225":0,"226":0,"227":0,"229":0,"230":0,"237":0,"239":0,"241":0,"254":1,"255":0,"261":0,"262":0,"263":0,"266":0,"267":0,"270":0,"281":0,"284":0,"285":0,"286":0,"287":0,"288":0,"289":0,"291":0,"324":1,"325":0,"326":0,"350":1,"351":0,"352":0,"354":0,"355":0,"356":0,"359":0,"360":0,"361":0,"363":0,"366":0,"367":0,"368":0,"371":0,"376":0,"378":0,"380":0,"383":0,"398":1,"399":0,"400":0,"401":0,"402":0,"404":0,"407":0,"408":0,"410":0,"411":0,"412":0,"414":0,"415":0,"416":0,"423":0,"424":0,"425":0,"440":1,"441":0,"442":0,"443":0,"446":0,"448":0,"449":0,"450":0,"451":0,"452":0,"465":1,"466":0,"480":1,"481":0,"482":0,"483":0,"486":0,"487":0,"488":0,"489":0,"490":0,"505":1,"506":0,"507":0,"508":0,"510":0,"512":0,"513":0,"528":1,"529":0,"530":0,"531":0,"534":0,"535":0,"536":0,"537":0,"538":0,"550":1,"551":0,"564":1,"565":0,"566":0,"567":0,"570":0,"571":0,"572":0,"573":0,"585":1,"586":0,"599":1,"600":0,"601":0,"602":0,"604":0,"605":0,"606":0,"607":0,"608":0,"620":1,"621":0,"634":1,"635":0,"636":0,"637":0,"639":0,"640":0,"641":0,"642":0,"643":0,"646":1,"647":0,"654":1,"655":0,"656":0,"660":0,"674":1,"675":0,"676":0,"680":0,"681":0,"682":0,"685":0,"687":0,"688":0,"690":0,"691":0,"692":0,"693":0,"694":0,"703":1,"716":1,"732":1,"733":0,"734":0,"736":0,"737":0,"738":0,"739":0,"742":0,"743":0,"745":0,"746":0,"748":0,"752":0,"753":0,"768":1,"769":0,"770":0,"771":0,"774":0,"775":0,"776":0,"779":0,"780":0,"781":0,"784":0,"785":0,"786":0,"787":0,"789":0,"791":0,"792":0,"795":0,"796":0,"798":0,"799":0,"801":0,"802":0,"804":0,"805":0,"808":0,"812":0,"813":0,"814":0,"825":1,"826":0,"828":0,"839":1,"840":0,"842":0,"855":1,"856":0,"860":0,"861":0,"864":0,"874":0,"880":0,"881":0,"883":0,"894":1,"895":0}},"/home/travis/build/npmtest/node-npmtest-knox/node_modules/knox/lib/utils.js":{"path":"/home/travis/build/npmtest/node-npmtest-knox/node_modules/knox/lib/utils.js","s":{"1":1,"2":0,"3":0,"4":0,"5":0,"6":0,"7":1,"8":0,"9":0},"b":{},"f":{"1":0,"2":0,"3":0},"fnMap":{"1":{"name":"(anonymous_1)","line":18,"loc":{"start":{"line":18,"column":16},"end":{"line":18,"column":30}}},"2":{"name":"(anonymous_2)","line":41,"loc":{"start":{"line":41,"column":10},"end":{"line":41,"column":23}}},"3":{"name":"(anonymous_3)","line":53,"loc":{"start":{"line":53,"column":10},"end":{"line":53,"column":23}}}},"statementMap":{"1":{"start":{"line":18,"column":0},"end":{"line":25,"column":2}},"2":{"start":{"line":19,"column":2},"end":{"line":19,"column":28}},"3":{"start":{"line":20,"column":2},"end":{"line":23,"column":3}},"4":{"start":{"line":21,"column":4},"end":{"line":21,"column":22}},"5":{"start":{"line":22,"column":4},"end":{"line":22,"column":19}},"6":{"start":{"line":24,"column":2},"end":{"line":24,"column":11}},"7":{"start":{"line":31,"column":0},"end":{"line":56,"column":2}},"8":{"start":{"line":42,"column":4},"end":{"line":42,"column":46}},"9":{"start":{"line":54,"column":4},"end":{"line":54,"column":48}}},"branchMap":{},"code":["\"use strict\";","","/*!"," * knox - utils"," * Copyright(c) 2010 LearnBoost <dev@learnboost.com>"," * MIT Licensed"," */","","/**"," * Merge object `b` with object `a`."," *"," * @param {Object} a"," * @param {Object} b"," * @return {Object} a"," * @api private"," */","","exports.merge = function(a, b){","  var keys = Object.keys(b);","  for (var i = 0, len = keys.length; i < len; ++i) {","    var key = keys[i];","    a[key] = b[key]","  }","  return a;","};","","/**"," * Base64."," */","","exports.base64 = {","","  /**","   * Base64 encode the given `str`.","   *","   * @param {String} str","   * @return {String}","   * @api private","   */","","  encode: function(str){","    return new Buffer(str).toString('base64');","  },","","  /**","   * Base64 decode the given `str`.","   *","   * @param {String} str","   * @return {String}","   * @api private","   */","","  decode: function(str){","    return new Buffer(str, 'base64').toString();","  }","};",""],"l":{"18":1,"19":0,"20":0,"21":0,"22":0,"24":0,"31":1,"42":0,"54":0}},"/home/travis/build/npmtest/node-npmtest-knox/node_modules/knox/lib/auth.js":{"path":"/home/travis/build/npmtest/node-npmtest-knox/node_modules/knox/lib/auth.js","s":{"1":1,"2":1,"3":1,"4":0,"5":1,"6":0,"7":1,"8":0,"9":0,"10":1,"11":0,"12":0,"13":1,"14":0,"15":0,"16":0,"17":0,"18":1,"19":0,"20":1,"21":0,"22":0,"23":0,"24":0,"25":0,"26":0,"27":0,"28":0,"29":0,"30":0,"31":0,"32":0,"33":1,"34":0,"35":0,"36":0,"37":0,"38":0},"b":{"1":[0,0],"2":[0,0],"3":[0,0],"4":[0,0],"5":[0,0],"6":[0,0],"7":[0,0],"8":[0,0],"9":[0,0],"10":[0,0],"11":[0,0],"12":[0,0],"13":[0,0]},"f":{"1":0,"2":0,"3":0,"4":0,"5":0,"6":0,"7":0,"8":0,"9":0,"10":0},"fnMap":{"1":{"name":"(anonymous_1)","line":49,"loc":{"start":{"line":49,"column":24},"end":{"line":49,"column":41}}},"2":{"name":"(anonymous_2)","line":61,"loc":{"start":{"line":61,"column":19},"end":{"line":61,"column":36}}},"3":{"name":"(anonymous_3)","line":73,"loc":{"start":{"line":73,"column":15},"end":{"line":73,"column":32}}},"4":{"name":"(anonymous_4)","line":88,"loc":{"start":{"line":88,"column":20},"end":{"line":88,"column":37}}},"5":{"name":"(anonymous_5)","line":110,"loc":{"start":{"line":110,"column":23},"end":{"line":110,"column":40}}},"6":{"name":"(anonymous_6)","line":139,"loc":{"start":{"line":139,"column":28},"end":{"line":139,"column":45}}},"7":{"name":"(anonymous_7)","line":165,"loc":{"start":{"line":165,"column":30},"end":{"line":165,"column":47}}},"8":{"name":"(anonymous_8)","line":181,"loc":{"start":{"line":181,"column":19},"end":{"line":181,"column":34}}},"9":{"name":"(anonymous_9)","line":202,"loc":{"start":{"line":202,"column":31},"end":{"line":202,"column":49}}},"10":{"name":"(anonymous_10)","line":208,"loc":{"start":{"line":208,"column":33},"end":{"line":208,"column":48}}}},"statementMap":{"1":{"start":{"line":13,"column":0},"end":{"line":14,"column":33}},"2":{"start":{"line":21,"column":0},"end":{"line":38,"column":2}},"3":{"start":{"line":49,"column":0},"end":{"line":51,"column":2}},"4":{"start":{"line":50,"column":2},"end":{"line":50,"column":60}},"5":{"start":{"line":61,"column":0},"end":{"line":63,"column":2}},"6":{"start":{"line":62,"column":2},"end":{"line":62,"column":113}},"7":{"start":{"line":73,"column":0},"end":{"line":76,"column":2}},"8":{"start":{"line":74,"column":2},"end":{"line":74,"column":50}},"9":{"start":{"line":75,"column":2},"end":{"line":75,"column":35}},"10":{"start":{"line":88,"column":0},"end":{"line":91,"column":2}},"11":{"start":{"line":89,"column":2},"end":{"line":89,"column":55}},"12":{"start":{"line":90,"column":2},"end":{"line":90,"column":35}},"13":{"start":{"line":110,"column":0},"end":{"line":120,"column":2}},"14":{"start":{"line":111,"column":2},"end":{"line":111,"column":44}},"15":{"start":{"line":112,"column":2},"end":{"line":112,"column":31}},"16":{"start":{"line":112,"column":15},"end":{"line":112,"column":31}},"17":{"start":{"line":113,"column":2},"end":{"line":119,"column":15}},"18":{"start":{"line":139,"column":0},"end":{"line":149,"column":2}},"19":{"start":{"line":140,"column":2},"end":{"line":148,"column":21}},"20":{"start":{"line":165,"column":0},"end":{"line":189,"column":2}},"21":{"start":{"line":166,"column":2},"end":{"line":167,"column":36}},"22":{"start":{"line":168,"column":2},"end":{"line":179,"column":3}},"23":{"start":{"line":169,"column":4},"end":{"line":170,"column":29}},"24":{"start":{"line":172,"column":4},"end":{"line":172,"column":32}},"25":{"start":{"line":174,"column":4},"end":{"line":176,"column":5}},"26":{"start":{"line":175,"column":6},"end":{"line":175,"column":15}},"27":{"start":{"line":178,"column":4},"end":{"line":178,"column":32}},"28":{"start":{"line":181,"column":2},"end":{"line":187,"column":3}},"29":{"start":{"line":183,"column":4},"end":{"line":183,"column":23}},"30":{"start":{"line":184,"column":4},"end":{"line":184,"column":23}},"31":{"start":{"line":186,"column":4},"end":{"line":186,"column":26}},"32":{"start":{"line":188,"column":2},"end":{"line":188,"column":41}},"33":{"start":{"line":202,"column":0},"end":{"line":217,"column":2}},"34":{"start":{"line":203,"column":2},"end":{"line":205,"column":15}},"35":{"start":{"line":208,"column":2},"end":{"line":212,"column":5}},"36":{"start":{"line":209,"column":6},"end":{"line":211,"column":7}},"37":{"start":{"line":210,"column":10},"end":{"line":210,"column":71}},"38":{"start":{"line":214,"column":2},"end":{"line":216,"column":10}}},"branchMap":{"1":{"line":111,"type":"binary-expr","locations":[{"start":{"line":111,"column":16},"end":{"line":111,"column":37}},{"start":{"line":111,"column":41},"end":{"line":111,"column":43}}]},"2":{"line":112,"type":"if","locations":[{"start":{"line":112,"column":2},"end":{"line":112,"column":2}},{"start":{"line":112,"column":2},"end":{"line":112,"column":2}}]},"3":{"line":117,"type":"cond-expr","locations":[{"start":{"line":117,"column":37},"end":{"line":117,"column":63}},{"start":{"line":117,"column":66},"end":{"line":117,"column":78}}]},"4":{"line":140,"type":"binary-expr","locations":[{"start":{"line":140,"column":10},"end":{"line":140,"column":22}},{"start":{"line":140,"column":26},"end":{"line":140,"column":31}}]},"5":{"line":141,"type":"cond-expr","locations":[{"start":{"line":142,"column":6},"end":{"line":142,"column":25}},{"start":{"line":142,"column":28},"end":{"line":142,"column":30}}]},"6":{"line":144,"type":"cond-expr","locations":[{"start":{"line":145,"column":6},"end":{"line":145,"column":62}},{"start":{"line":145,"column":65},"end":{"line":145,"column":67}}]},"7":{"line":146,"type":"cond-expr","locations":[{"start":{"line":147,"column":6},"end":{"line":147,"column":52}},{"start":{"line":147,"column":55},"end":{"line":147,"column":57}}]},"8":{"line":174,"type":"if","locations":[{"start":{"line":174,"column":4},"end":{"line":174,"column":4}},{"start":{"line":174,"column":4},"end":{"line":174,"column":4}}]},"9":{"line":174,"type":"binary-expr","locations":[{"start":{"line":174,"column":8},"end":{"line":174,"column":36}},{"start":{"line":174,"column":40},"end":{"line":174,"column":62}}]},"10":{"line":186,"type":"cond-expr","locations":[{"start":{"line":186,"column":19},"end":{"line":186,"column":20}},{"start":{"line":186,"column":23},"end":{"line":186,"column":25}}]},"11":{"line":209,"type":"if","locations":[{"start":{"line":209,"column":6},"end":{"line":209,"column":6}},{"start":{"line":209,"column":6},"end":{"line":209,"column":6}}]},"12":{"line":210,"type":"cond-expr","locations":[{"start":{"line":210,"column":43},"end":{"line":210,"column":63}},{"start":{"line":210,"column":66},"end":{"line":210,"column":68}}]},"13":{"line":214,"type":"cond-expr","locations":[{"start":{"line":215,"column":6},"end":{"line":215,"column":32}},{"start":{"line":216,"column":6},"end":{"line":216,"column":8}}]}},"code":["\"use strict\";","","/*!"," * knox - auth"," * Copyright(c) 2010 LearnBoost <dev@learnboost.com>"," * MIT Licensed"," */","","/**"," * Module dependencies."," */","","var crypto = require('crypto')","  , parse = require('url').parse;","","/**"," * Query string params permitted in the canonicalized resource."," * @see http://docs.amazonwebservices.com/AmazonS3/latest/dev/RESTAuthentication.html#ConstructingTheCanonicalizedResourceElement"," */","","var whitelist = [","    'acl'","  , 'delete'","  , 'lifecycle'","  , 'location'","  , 'logging'","  , 'notification'","  , 'partNumber'","  , 'policy'","  , 'requestPayment'","  , 'torrent'","  , 'uploadId'","  , 'uploads'","  , 'versionId'","  , 'versioning'","  , 'versions'","  , 'website'","];","","/**"," * Return an \"Authorization\" header value with the given `options`"," * in the form of \"AWS <key>:<signature>\""," *"," * @param {Object} options"," * @return {String}"," * @api private"," */","","exports.authorization = function(options){","  return 'AWS ' + options.key + ':' + exports.sign(options);","};","","/**"," * Simple HMAC-SHA1 Wrapper"," *"," * @param {Object} options"," * @return {String}"," * @api private"," */","","exports.hmacSha1 = function(options){","  return crypto.createHmac('sha1', options.secret).update(new Buffer(options.message, 'utf-8')).digest('base64');","};","","/**"," * Create a base64 sha1 HMAC for `options`."," *"," * @param {Object} options"," * @return {String}"," * @api private"," */","","exports.sign = function(options){","  options.message = exports.stringToSign(options);","  return exports.hmacSha1(options);","};","","/**"," * Create a base64 sha1 HMAC for `options`."," *"," * Specifically to be used with S3 presigned URLs"," *"," * @param {Object} options"," * @return {String}"," * @api private"," */","","exports.signQuery = function(options){","  options.message = exports.queryStringToSign(options);","  return exports.hmacSha1(options);","};","","/**"," * Return a string for sign() with the given `options`."," *"," * Spec:"," *"," *    <verb>\\n"," *    <md5>\\n"," *    <content-type>\\n"," *    <date>\\n"," *    [headers\\n]"," *    <resource>"," *"," * @param {Object} options"," * @return {String}"," * @api private"," */","","exports.stringToSign = function(options){","  var headers = options.amazonHeaders || '';","  if (headers) headers += '\\n';","  return [","      options.verb","    , options.md5","    , options.contentType","    , options.date instanceof Date ? options.date.toUTCString() : options.date","    , headers + options.resource","  ].join('\\n');","};","","/**"," * Return a string for sign() with the given `options`, but is meant exclusively"," * for S3 presigned URLs"," *"," * Spec:"," *"," *    <verb>\\n\\n"," *    <contentType or nothing>\\n"," *    <date>\\n"," *    <x-amz-security-token header>\\n --- optional"," *    <resource>"," *"," * @param {Object} options"," * @return {String}"," * @api private"," */","","exports.queryStringToSign = function(options){","  return (options.verb || 'GET') + '\\n\\n' +","    (typeof options.contentType !== 'undefined' ?","      options.contentType : '') + '\\n' +","    options.date + '\\n' +","    (typeof options.extraHeaders !== 'undefined' ?","      exports.canonicalizeHeaders(options.extraHeaders) + '\\n' : '') +","    (typeof options.token !== 'undefined' ?","      'x-amz-security-token:' + options.token + '\\n' : '') +","    options.resource;","};","","/**"," * Perform the following:"," *"," *  - ignore non-amazon headers"," *  - lowercase fields"," *  - sort lexicographically"," *  - trim whitespace between \":\""," *  - join with newline"," *"," * @param {Object} headers"," * @return {String}"," * @api private"," */","","exports.canonicalizeHeaders = function(headers){","  var buf = []","    , fields = Object.keys(headers);","  for (var i = 0, len = fields.length; i < len; ++i) {","    var field = fields[i]","      , val = headers[field];","","    field = field.toLowerCase();","","    if (field.indexOf('x-amz') !== 0 || field === 'x-amz-date') {","      continue;","    }","","    buf.push(field + ':' + val);","  }","","  var headerSort = function(a, b) {","    // Headers are sorted lexigraphically based on the header name only.","    a = a.split(\":\")[0]","    b = b.split(\":\")[0]","","    return a > b ? 1 : -1;","  }","  return buf.sort(headerSort).join('\\n');","};","","/**"," * Perform the following:"," *"," *  - ignore non sub-resources"," *  - sort lexicographically"," *"," * @param {String} a URI-encoded resource (path + query string)"," * @return {String}"," * @api private"," */","","exports.canonicalizeResource = function(resource){","  var url = parse(resource, true)","    , path = url.pathname","    , buf = [];","","  // apply the query string whitelist","  Object.keys(url.query).forEach(function (key) {","      if (whitelist.indexOf(key) != -1) {","          buf.push(key + (url.query[key] ? \"=\" + url.query[key] : ''));","      }","  });","","  return path + (buf.length","    ? '?' + buf.sort().join('&')","    : '');","};",""],"l":{"13":1,"21":1,"49":1,"50":0,"61":1,"62":0,"73":1,"74":0,"75":0,"88":1,"89":0,"90":0,"110":1,"111":0,"112":0,"113":0,"139":1,"140":0,"165":1,"166":0,"168":0,"169":0,"172":0,"174":0,"175":0,"178":0,"181":0,"183":0,"184":0,"186":0,"188":0,"202":1,"203":0,"208":0,"209":0,"210":0,"214":0}}}